starting ...
Starting ...
Total train: 168588
125497    I'm not sure how you ended up there. My link w...
93754     That's the excuse. When CU was snubbed they lo...
142815    This is what you get from the GOP.  Care about...
16070                                              *shhhhh*
208644          The scissor scene at the end is what got me
Name: texts, dtype: object
Total validation: 42148
55786     http://www.reactiongifs.com/wp-content/uploads...
152872                                            A Twinkie
146112    Yeah.. i'm thinking I may take note of the pla...
112701    I do repost it with Ars Technica article today...
41041         Tried to pretend I was straight and cis. Lel.
Name: texts, dtype: object

 Epoch 1 / 10
  Batch    50  of  5,269.
  Batch   100  of  5,269.
  Batch   150  of  5,269.
  Batch   200  of  5,269.
  Batch   250  of  5,269.
  Batch   300  of  5,269.
  Batch   350  of  5,269.
  Batch   400  of  5,269.
  Batch   450  of  5,269.
  Batch   500  of  5,269.
  Batch   550  of  5,269.
  Batch   600  of  5,269.
  Batch   650  of  5,269.
  Batch   700  of  5,269.
  Batch   750  of  5,269.
  Batch   800  of  5,269.
  Batch   850  of  5,269.
  Batch   900  of  5,269.
  Batch   950  of  5,269.
  Batch 1,000  of  5,269.
  Batch 1,050  of  5,269.
  Batch 1,100  of  5,269.
  Batch 1,150  of  5,269.
  Batch 1,200  of  5,269.
  Batch 1,250  of  5,269.
  Batch 1,300  of  5,269.
  Batch 1,350  of  5,269.
  Batch 1,400  of  5,269.
  Batch 1,450  of  5,269.
  Batch 1,500  of  5,269.
  Batch 1,550  of  5,269.
  Batch 1,600  of  5,269.
  Batch 1,650  of  5,269.
  Batch 1,700  of  5,269.
  Batch 1,750  of  5,269.
  Batch 1,800  of  5,269.
  Batch 1,850  of  5,269.
  Batch 1,900  of  5,269.
  Batch 1,950  of  5,269.
  Batch 2,000  of  5,269.
  Batch 2,050  of  5,269.
  Batch 2,100  of  5,269.
  Batch 2,150  of  5,269.
  Batch 2,200  of  5,269.
  Batch 2,250  of  5,269.
  Batch 2,300  of  5,269.
  Batch 2,350  of  5,269.
  Batch 2,400  of  5,269.
  Batch 2,450  of  5,269.
  Batch 2,500  of  5,269.
  Batch 2,550  of  5,269.
  Batch 2,600  of  5,269.
  Batch 2,650  of  5,269.
  Batch 2,700  of  5,269.
  Batch 2,750  of  5,269.
  Batch 2,800  of  5,269.
  Batch 2,850  of  5,269.
  Batch 2,900  of  5,269.
  Batch 2,950  of  5,269.
  Batch 3,000  of  5,269.
  Batch 3,050  of  5,269.
  Batch 3,100  of  5,269.
  Batch 3,150  of  5,269.
  Batch 3,200  of  5,269.
  Batch 3,250  of  5,269.
  Batch 3,300  of  5,269.
  Batch 3,350  of  5,269.
  Batch 3,400  of  5,269.
  Batch 3,450  of  5,269.
  Batch 3,500  of  5,269.
  Batch 3,550  of  5,269.
  Batch 3,600  of  5,269.
  Batch 3,650  of  5,269.
  Batch 3,700  of  5,269.
  Batch 3,750  of  5,269.
  Batch 3,800  of  5,269.
  Batch 3,850  of  5,269.
  Batch 3,900  of  5,269.
  Batch 3,950  of  5,269.
  Batch 4,000  of  5,269.
  Batch 4,050  of  5,269.
  Batch 4,100  of  5,269.
  Batch 4,150  of  5,269.
  Batch 4,200  of  5,269.
  Batch 4,250  of  5,269.
  Batch 4,300  of  5,269.
  Batch 4,350  of  5,269.
  Batch 4,400  of  5,269.
  Batch 4,450  of  5,269.
  Batch 4,500  of  5,269.
  Batch 4,550  of  5,269.
  Batch 4,600  of  5,269.
  Batch 4,650  of  5,269.
  Batch 4,700  of  5,269.
  Batch 4,750  of  5,269.
  Batch 4,800  of  5,269.
  Batch 4,850  of  5,269.
  Batch 4,900  of  5,269.
  Batch 4,950  of  5,269.
  Batch 5,000  of  5,269.
  Batch 5,050  of  5,269.
  Batch 5,100  of  5,269.
  Batch 5,150  of  5,269.
  Batch 5,200  of  5,269.
  Batch 5,250  of  5,269.

Evaluating...
  Batch    50  of  1,318.
  Batch   100  of  1,318.
  Batch   150  of  1,318.
  Batch   200  of  1,318.
  Batch   250  of  1,318.
  Batch   300  of  1,318.
  Batch   350  of  1,318.
  Batch   400  of  1,318.
  Batch   450  of  1,318.
  Batch   500  of  1,318.
  Batch   550  of  1,318.
  Batch   600  of  1,318.
  Batch   650  of  1,318.
  Batch   700  of  1,318.
  Batch   750  of  1,318.
  Batch   800  of  1,318.
  Batch   850  of  1,318.
  Batch   900  of  1,318.
  Batch   950  of  1,318.
  Batch 1,000  of  1,318.
  Batch 1,050  of  1,318.
  Batch 1,100  of  1,318.
  Batch 1,150  of  1,318.
  Batch 1,200  of  1,318.
  Batch 1,250  of  1,318.
  Batch 1,300  of  1,318.

Training Loss: 0.385
Validation Loss: 0.375

 Epoch 2 / 10
  Batch    50  of  5,269.
  Batch   100  of  5,269.
  Batch   150  of  5,269.
  Batch   200  of  5,269.
  Batch   250  of  5,269.
  Batch   300  of  5,269.
  Batch   350  of  5,269.
  Batch   400  of  5,269.
  Batch   450  of  5,269.
  Batch   500  of  5,269.
  Batch   550  of  5,269.
  Batch   600  of  5,269.
  Batch   650  of  5,269.
  Batch   700  of  5,269.
  Batch   750  of  5,269.
  Batch   800  of  5,269.
  Batch   850  of  5,269.
  Batch   900  of  5,269.
  Batch   950  of  5,269.
  Batch 1,000  of  5,269.
  Batch 1,050  of  5,269.
  Batch 1,100  of  5,269.
  Batch 1,150  of  5,269.
  Batch 1,200  of  5,269.
  Batch 1,250  of  5,269.
  Batch 1,300  of  5,269.
  Batch 1,350  of  5,269.
  Batch 1,400  of  5,269.
  Batch 1,450  of  5,269.
  Batch 1,500  of  5,269.
  Batch 1,550  of  5,269.
  Batch 1,600  of  5,269.
  Batch 1,650  of  5,269.
  Batch 1,700  of  5,269.
  Batch 1,750  of  5,269.
  Batch 1,800  of  5,269.
  Batch 1,850  of  5,269.
  Batch 1,900  of  5,269.
  Batch 1,950  of  5,269.
  Batch 2,000  of  5,269.
  Batch 2,050  of  5,269.
  Batch 2,100  of  5,269.
  Batch 2,150  of  5,269.
  Batch 2,200  of  5,269.
  Batch 2,250  of  5,269.
  Batch 2,300  of  5,269.
  Batch 2,350  of  5,269.
  Batch 2,400  of  5,269.
  Batch 2,450  of  5,269.
  Batch 2,500  of  5,269.
  Batch 2,550  of  5,269.
  Batch 2,600  of  5,269.
  Batch 2,650  of  5,269.
  Batch 2,700  of  5,269.
  Batch 2,750  of  5,269.
  Batch 2,800  of  5,269.
  Batch 2,850  of  5,269.
  Batch 2,900  of  5,269.
  Batch 2,950  of  5,269.
  Batch 3,000  of  5,269.
  Batch 3,050  of  5,269.
  Batch 3,100  of  5,269.
  Batch 3,150  of  5,269.
  Batch 3,200  of  5,269.
  Batch 3,250  of  5,269.
  Batch 3,300  of  5,269.
  Batch 3,350  of  5,269.
  Batch 3,400  of  5,269.
  Batch 3,450  of  5,269.
  Batch 3,500  of  5,269.
  Batch 3,550  of  5,269.
  Batch 3,600  of  5,269.
  Batch 3,650  of  5,269.
  Batch 3,700  of  5,269.
  Batch 3,750  of  5,269.
  Batch 3,800  of  5,269.
  Batch 3,850  of  5,269.
  Batch 3,900  of  5,269.
  Batch 3,950  of  5,269.
  Batch 4,000  of  5,269.
  Batch 4,050  of  5,269.
  Batch 4,100  of  5,269.
  Batch 4,150  of  5,269.
  Batch 4,200  of  5,269.
  Batch 4,250  of  5,269.
  Batch 4,300  of  5,269.
  Batch 4,350  of  5,269.
  Batch 4,400  of  5,269.
  Batch 4,450  of  5,269.
  Batch 4,500  of  5,269.
  Batch 4,550  of  5,269.
  Batch 4,600  of  5,269.
  Batch 4,650  of  5,269.
  Batch 4,700  of  5,269.
  Batch 4,750  of  5,269.
  Batch 4,800  of  5,269.
  Batch 4,850  of  5,269.
  Batch 4,900  of  5,269.
  Batch 4,950  of  5,269.
  Batch 5,000  of  5,269.
  Batch 5,050  of  5,269.
  Batch 5,100  of  5,269.
  Batch 5,150  of  5,269.
  Batch 5,200  of  5,269.
  Batch 5,250  of  5,269.

Evaluating...
  Batch    50  of  1,318.
  Batch   100  of  1,318.
  Batch   150  of  1,318.
  Batch   200  of  1,318.
  Batch   250  of  1,318.
  Batch   300  of  1,318.
  Batch   350  of  1,318.
  Batch   400  of  1,318.
  Batch   450  of  1,318.
  Batch   500  of  1,318.
  Batch   550  of  1,318.
  Batch   600  of  1,318.
  Batch   650  of  1,318.
  Batch   700  of  1,318.
  Batch   750  of  1,318.
  Batch   800  of  1,318.
  Batch   850  of  1,318.
  Batch   900  of  1,318.
  Batch   950  of  1,318.
  Batch 1,000  of  1,318.
  Batch 1,050  of  1,318.
  Batch 1,100  of  1,318.
  Batch 1,150  of  1,318.
  Batch 1,200  of  1,318.
  Batch 1,250  of  1,318.
  Batch 1,300  of  1,318.

Training Loss: 0.373
Validation Loss: 0.369

 Epoch 3 / 10
  Batch    50  of  5,269.
  Batch   100  of  5,269.
  Batch   150  of  5,269.
  Batch   200  of  5,269.
  Batch   250  of  5,269.
  Batch   300  of  5,269.
  Batch   350  of  5,269.
  Batch   400  of  5,269.
  Batch   450  of  5,269.
  Batch   500  of  5,269.
  Batch   550  of  5,269.
  Batch   600  of  5,269.
  Batch   650  of  5,269.
  Batch   700  of  5,269.
  Batch   750  of  5,269.
  Batch   800  of  5,269.
  Batch   850  of  5,269.
  Batch   900  of  5,269.
  Batch   950  of  5,269.
  Batch 1,000  of  5,269.
  Batch 1,050  of  5,269.
  Batch 1,100  of  5,269.
  Batch 1,150  of  5,269.
  Batch 1,200  of  5,269.
  Batch 1,250  of  5,269.
  Batch 1,300  of  5,269.
  Batch 1,350  of  5,269.
  Batch 1,400  of  5,269.
  Batch 1,450  of  5,269.
  Batch 1,500  of  5,269.
  Batch 1,550  of  5,269.
  Batch 1,600  of  5,269.
  Batch 1,650  of  5,269.
  Batch 1,700  of  5,269.
  Batch 1,750  of  5,269.
  Batch 1,800  of  5,269.
  Batch 1,850  of  5,269.
  Batch 1,900  of  5,269.
  Batch 1,950  of  5,269.
  Batch 2,000  of  5,269.
  Batch 2,050  of  5,269.
  Batch 2,100  of  5,269.
  Batch 2,150  of  5,269.
  Batch 2,200  of  5,269.
  Batch 2,250  of  5,269.
  Batch 2,300  of  5,269.
  Batch 2,350  of  5,269.
  Batch 2,400  of  5,269.
  Batch 2,450  of  5,269.
  Batch 2,500  of  5,269.
  Batch 2,550  of  5,269.
  Batch 2,600  of  5,269.
  Batch 2,650  of  5,269.
  Batch 2,700  of  5,269.
  Batch 2,750  of  5,269.
  Batch 2,800  of  5,269.
  Batch 2,850  of  5,269.
  Batch 2,900  of  5,269.
  Batch 2,950  of  5,269.
  Batch 3,000  of  5,269.
  Batch 3,050  of  5,269.
  Batch 3,100  of  5,269.
  Batch 3,150  of  5,269.
  Batch 3,200  of  5,269.
  Batch 3,250  of  5,269.
  Batch 3,300  of  5,269.
  Batch 3,350  of  5,269.
  Batch 3,400  of  5,269.
  Batch 3,450  of  5,269.
  Batch 3,500  of  5,269.
  Batch 3,550  of  5,269.
  Batch 3,600  of  5,269.
  Batch 3,650  of  5,269.
  Batch 3,700  of  5,269.
  Batch 3,750  of  5,269.
  Batch 3,800  of  5,269.
  Batch 3,850  of  5,269.
  Batch 3,900  of  5,269.
  Batch 3,950  of  5,269.
  Batch 4,000  of  5,269.
  Batch 4,050  of  5,269.
  Batch 4,100  of  5,269.
  Batch 4,150  of  5,269.
  Batch 4,200  of  5,269.
  Batch 4,250  of  5,269.
  Batch 4,300  of  5,269.
  Batch 4,350  of  5,269.
  Batch 4,400  of  5,269.
  Batch 4,450  of  5,269.
  Batch 4,500  of  5,269.
  Batch 4,550  of  5,269.
  Batch 4,600  of  5,269.
  Batch 4,650  of  5,269.
  Batch 4,700  of  5,269.
  Batch 4,750  of  5,269.
  Batch 4,800  of  5,269.
  Batch 4,850  of  5,269.
  Batch 4,900  of  5,269.
  Batch 4,950  of  5,269.
  Batch 5,000  of  5,269.
  Batch 5,050  of  5,269.
  Batch 5,100  of  5,269.
  Batch 5,150  of  5,269.
  Batch 5,200  of  5,269.
  Batch 5,250  of  5,269.

Evaluating...
  Batch    50  of  1,318.
  Batch   100  of  1,318.
  Batch   150  of  1,318.
  Batch   200  of  1,318.
  Batch   250  of  1,318.
  Batch   300  of  1,318.
  Batch   350  of  1,318.
  Batch   400  of  1,318.
  Batch   450  of  1,318.
  Batch   500  of  1,318.
  Batch   550  of  1,318.
  Batch   600  of  1,318.
  Batch   650  of  1,318.
  Batch   700  of  1,318.
  Batch   750  of  1,318.
  Batch   800  of  1,318.
  Batch   850  of  1,318.
  Batch   900  of  1,318.
  Batch   950  of  1,318.
  Batch 1,000  of  1,318.
  Batch 1,050  of  1,318.
  Batch 1,100  of  1,318.
  Batch 1,150  of  1,318.
  Batch 1,200  of  1,318.
  Batch 1,250  of  1,318.
  Batch 1,300  of  1,318.

Training Loss: 0.369
Validation Loss: 0.367

 Epoch 4 / 10
  Batch    50  of  5,269.
  Batch   100  of  5,269.
  Batch   150  of  5,269.
  Batch   200  of  5,269.
  Batch   250  of  5,269.
  Batch   300  of  5,269.
  Batch   350  of  5,269.
  Batch   400  of  5,269.
  Batch   450  of  5,269.
  Batch   500  of  5,269.
  Batch   550  of  5,269.
  Batch   600  of  5,269.
  Batch   650  of  5,269.
  Batch   700  of  5,269.
  Batch   750  of  5,269.
  Batch   800  of  5,269.
  Batch   850  of  5,269.
  Batch   900  of  5,269.
  Batch   950  of  5,269.
  Batch 1,000  of  5,269.
  Batch 1,050  of  5,269.
  Batch 1,100  of  5,269.
  Batch 1,150  of  5,269.
  Batch 1,200  of  5,269.
  Batch 1,250  of  5,269.
  Batch 1,300  of  5,269.
  Batch 1,350  of  5,269.
  Batch 1,400  of  5,269.
  Batch 1,450  of  5,269.
  Batch 1,500  of  5,269.
  Batch 1,550  of  5,269.
  Batch 1,600  of  5,269.
  Batch 1,650  of  5,269.
  Batch 1,700  of  5,269.
  Batch 1,750  of  5,269.
  Batch 1,800  of  5,269.
  Batch 1,850  of  5,269.
  Batch 1,900  of  5,269.
  Batch 1,950  of  5,269.
  Batch 2,000  of  5,269.
  Batch 2,050  of  5,269.
  Batch 2,100  of  5,269.
  Batch 2,150  of  5,269.
  Batch 2,200  of  5,269.
  Batch 2,250  of  5,269.
  Batch 2,300  of  5,269.
  Batch 2,350  of  5,269.
  Batch 2,400  of  5,269.
  Batch 2,450  of  5,269.
  Batch 2,500  of  5,269.
  Batch 2,550  of  5,269.
  Batch 2,600  of  5,269.
  Batch 2,650  of  5,269.
  Batch 2,700  of  5,269.
  Batch 2,750  of  5,269.
  Batch 2,800  of  5,269.
  Batch 2,850  of  5,269.
  Batch 2,900  of  5,269.
  Batch 2,950  of  5,269.
  Batch 3,000  of  5,269.
  Batch 3,050  of  5,269.
  Batch 3,100  of  5,269.
  Batch 3,150  of  5,269.
  Batch 3,200  of  5,269.
  Batch 3,250  of  5,269.
  Batch 3,300  of  5,269.
  Batch 3,350  of  5,269.
  Batch 3,400  of  5,269.
  Batch 3,450  of  5,269.
  Batch 3,500  of  5,269.
  Batch 3,550  of  5,269.
  Batch 3,600  of  5,269.
  Batch 3,650  of  5,269.
  Batch 3,700  of  5,269.
  Batch 3,750  of  5,269.
  Batch 3,800  of  5,269.
  Batch 3,850  of  5,269.
  Batch 3,900  of  5,269.
  Batch 3,950  of  5,269.
  Batch 4,000  of  5,269.
  Batch 4,050  of  5,269.
  Batch 4,100  of  5,269.
  Batch 4,150  of  5,269.
  Batch 4,200  of  5,269.
  Batch 4,250  of  5,269.
  Batch 4,300  of  5,269.
  Batch 4,350  of  5,269.
  Batch 4,400  of  5,269.
  Batch 4,450  of  5,269.
  Batch 4,500  of  5,269.
  Batch 4,550  of  5,269.
  Batch 4,600  of  5,269.
  Batch 4,650  of  5,269.
  Batch 4,700  of  5,269.
  Batch 4,750  of  5,269.
  Batch 4,800  of  5,269.
  Batch 4,850  of  5,269.
  Batch 4,900  of  5,269.
  Batch 4,950  of  5,269.
  Batch 5,000  of  5,269.
  Batch 5,050  of  5,269.
  Batch 5,100  of  5,269.
  Batch 5,150  of  5,269.
  Batch 5,200  of  5,269.
  Batch 5,250  of  5,269.

Evaluating...
  Batch    50  of  1,318.
  Batch   100  of  1,318.
  Batch   150  of  1,318.
  Batch   200  of  1,318.
  Batch   250  of  1,318.
  Batch   300  of  1,318.
  Batch   350  of  1,318.
  Batch   400  of  1,318.
  Batch   450  of  1,318.
  Batch   500  of  1,318.
  Batch   550  of  1,318.
  Batch   600  of  1,318.
  Batch   650  of  1,318.
  Batch   700  of  1,318.
  Batch   750  of  1,318.
  Batch   800  of  1,318.
  Batch   850  of  1,318.
  Batch   900  of  1,318.
  Batch   950  of  1,318.
  Batch 1,000  of  1,318.
  Batch 1,050  of  1,318.
  Batch 1,100  of  1,318.
  Batch 1,150  of  1,318.
  Batch 1,200  of  1,318.
  Batch 1,250  of  1,318.
  Batch 1,300  of  1,318.

Training Loss: 0.367
Validation Loss: 0.366

 Epoch 5 / 10
  Batch    50  of  5,269.
  Batch   100  of  5,269.
  Batch   150  of  5,269.
  Batch   200  of  5,269.
  Batch   250  of  5,269.
  Batch   300  of  5,269.
  Batch   350  of  5,269.
  Batch   400  of  5,269.
  Batch   450  of  5,269.
  Batch   500  of  5,269.
  Batch   550  of  5,269.
  Batch   600  of  5,269.
  Batch   650  of  5,269.
  Batch   700  of  5,269.
  Batch   750  of  5,269.
  Batch   800  of  5,269.
  Batch   850  of  5,269.
  Batch   900  of  5,269.
  Batch   950  of  5,269.
  Batch 1,000  of  5,269.
  Batch 1,050  of  5,269.
  Batch 1,100  of  5,269.
  Batch 1,150  of  5,269.
  Batch 1,200  of  5,269.
  Batch 1,250  of  5,269.
  Batch 1,300  of  5,269.
  Batch 1,350  of  5,269.
  Batch 1,400  of  5,269.
  Batch 1,450  of  5,269.
  Batch 1,500  of  5,269.
  Batch 1,550  of  5,269.
  Batch 1,600  of  5,269.
  Batch 1,650  of  5,269.
  Batch 1,700  of  5,269.
  Batch 1,750  of  5,269.
  Batch 1,800  of  5,269.
  Batch 1,850  of  5,269.
  Batch 1,900  of  5,269.
  Batch 1,950  of  5,269.
  Batch 2,000  of  5,269.
  Batch 2,050  of  5,269.
  Batch 2,100  of  5,269.
  Batch 2,150  of  5,269.
  Batch 2,200  of  5,269.
  Batch 2,250  of  5,269.
  Batch 2,300  of  5,269.
  Batch 2,350  of  5,269.
  Batch 2,400  of  5,269.
  Batch 2,450  of  5,269.
  Batch 2,500  of  5,269.
  Batch 2,550  of  5,269.
  Batch 2,600  of  5,269.
  Batch 2,650  of  5,269.
  Batch 2,700  of  5,269.
  Batch 2,750  of  5,269.
  Batch 2,800  of  5,269.
  Batch 2,850  of  5,269.
  Batch 2,900  of  5,269.
  Batch 2,950  of  5,269.
  Batch 3,000  of  5,269.
  Batch 3,050  of  5,269.
  Batch 3,100  of  5,269.
  Batch 3,150  of  5,269.
  Batch 3,200  of  5,269.
  Batch 3,250  of  5,269.
  Batch 3,300  of  5,269.
  Batch 3,350  of  5,269.
  Batch 3,400  of  5,269.
  Batch 3,450  of  5,269.
  Batch 3,500  of  5,269.
  Batch 3,550  of  5,269.
  Batch 3,600  of  5,269.
  Batch 3,650  of  5,269.
  Batch 3,700  of  5,269.
  Batch 3,750  of  5,269.
  Batch 3,800  of  5,269.
  Batch 3,850  of  5,269.
  Batch 3,900  of  5,269.
  Batch 3,950  of  5,269.
  Batch 4,000  of  5,269.
  Batch 4,050  of  5,269.
  Batch 4,100  of  5,269.
  Batch 4,150  of  5,269.
  Batch 4,200  of  5,269.
  Batch 4,250  of  5,269.
  Batch 4,300  of  5,269.
  Batch 4,350  of  5,269.
  Batch 4,400  of  5,269.
  Batch 4,450  of  5,269.
  Batch 4,500  of  5,269.
  Batch 4,550  of  5,269.
  Batch 4,600  of  5,269.
  Batch 4,650  of  5,269.
  Batch 4,700  of  5,269.
  Batch 4,750  of  5,269.
  Batch 4,800  of  5,269.
  Batch 4,850  of  5,269.
  Batch 4,900  of  5,269.
  Batch 4,950  of  5,269.
  Batch 5,000  of  5,269.
  Batch 5,050  of  5,269.
  Batch 5,100  of  5,269.
  Batch 5,150  of  5,269.
  Batch 5,200  of  5,269.
  Batch 5,250  of  5,269.

Evaluating...
  Batch    50  of  1,318.
  Batch   100  of  1,318.
  Batch   150  of  1,318.
  Batch   200  of  1,318.
  Batch   250  of  1,318.
  Batch   300  of  1,318.
  Batch   350  of  1,318.
  Batch   400  of  1,318.
  Batch   450  of  1,318.
  Batch   500  of  1,318.
  Batch   550  of  1,318.
  Batch   600  of  1,318.
  Batch   650  of  1,318.
  Batch   700  of  1,318.
  Batch   750  of  1,318.
  Batch   800  of  1,318.
  Batch   850  of  1,318.
  Batch   900  of  1,318.
  Batch   950  of  1,318.
  Batch 1,000  of  1,318.
  Batch 1,050  of  1,318.
  Batch 1,100  of  1,318.
  Batch 1,150  of  1,318.
  Batch 1,200  of  1,318.
  Batch 1,250  of  1,318.
  Batch 1,300  of  1,318.

Training Loss: 0.365
Validation Loss: 0.363

 Epoch 6 / 10
  Batch    50  of  5,269.
  Batch   100  of  5,269.
  Batch   150  of  5,269.
  Batch   200  of  5,269.
  Batch   250  of  5,269.
  Batch   300  of  5,269.
  Batch   350  of  5,269.
  Batch   400  of  5,269.
  Batch   450  of  5,269.
  Batch   500  of  5,269.
  Batch   550  of  5,269.
  Batch   600  of  5,269.
  Batch   650  of  5,269.
  Batch   700  of  5,269.
  Batch   750  of  5,269.
  Batch   800  of  5,269.
  Batch   850  of  5,269.
  Batch   900  of  5,269.
  Batch   950  of  5,269.
  Batch 1,000  of  5,269.
  Batch 1,050  of  5,269.
  Batch 1,100  of  5,269.
  Batch 1,150  of  5,269.
  Batch 1,200  of  5,269.
  Batch 1,250  of  5,269.
  Batch 1,300  of  5,269.
  Batch 1,350  of  5,269.
  Batch 1,400  of  5,269.
  Batch 1,450  of  5,269.
  Batch 1,500  of  5,269.
  Batch 1,550  of  5,269.
  Batch 1,600  of  5,269.
  Batch 1,650  of  5,269.
  Batch 1,700  of  5,269.
  Batch 1,750  of  5,269.
  Batch 1,800  of  5,269.
  Batch 1,850  of  5,269.
  Batch 1,900  of  5,269.
  Batch 1,950  of  5,269.
  Batch 2,000  of  5,269.
  Batch 2,050  of  5,269.
  Batch 2,100  of  5,269.
  Batch 2,150  of  5,269.
  Batch 2,200  of  5,269.
  Batch 2,250  of  5,269.
  Batch 2,300  of  5,269.
  Batch 2,350  of  5,269.
  Batch 2,400  of  5,269.
  Batch 2,450  of  5,269.
  Batch 2,500  of  5,269.
  Batch 2,550  of  5,269.
  Batch 2,600  of  5,269.
  Batch 2,650  of  5,269.
  Batch 2,700  of  5,269.
  Batch 2,750  of  5,269.
  Batch 2,800  of  5,269.
  Batch 2,850  of  5,269.
  Batch 2,900  of  5,269.
  Batch 2,950  of  5,269.
  Batch 3,000  of  5,269.
  Batch 3,050  of  5,269.
  Batch 3,100  of  5,269.
  Batch 3,150  of  5,269.
  Batch 3,200  of  5,269.
  Batch 3,250  of  5,269.
  Batch 3,300  of  5,269.
  Batch 3,350  of  5,269.
  Batch 3,400  of  5,269.
  Batch 3,450  of  5,269.
  Batch 3,500  of  5,269.
  Batch 3,550  of  5,269.
  Batch 3,600  of  5,269.
  Batch 3,650  of  5,269.
  Batch 3,700  of  5,269.
  Batch 3,750  of  5,269.
  Batch 3,800  of  5,269.
  Batch 3,850  of  5,269.
  Batch 3,900  of  5,269.
  Batch 3,950  of  5,269.
  Batch 4,000  of  5,269.
  Batch 4,050  of  5,269.
  Batch 4,100  of  5,269.
  Batch 4,150  of  5,269.
  Batch 4,200  of  5,269.
  Batch 4,250  of  5,269.
  Batch 4,300  of  5,269.
  Batch 4,350  of  5,269.
  Batch 4,400  of  5,269.
  Batch 4,450  of  5,269.
  Batch 4,500  of  5,269.
  Batch 4,550  of  5,269.
  Batch 4,600  of  5,269.
  Batch 4,650  of  5,269.
  Batch 4,700  of  5,269.
  Batch 4,750  of  5,269.
  Batch 4,800  of  5,269.
  Batch 4,850  of  5,269.
  Batch 4,900  of  5,269.
  Batch 4,950  of  5,269.
  Batch 5,000  of  5,269.
  Batch 5,050  of  5,269.
  Batch 5,100  of  5,269.
  Batch 5,150  of  5,269.
  Batch 5,200  of  5,269.
  Batch 5,250  of  5,269.

Evaluating...
  Batch    50  of  1,318.
  Batch   100  of  1,318.
  Batch   150  of  1,318.
  Batch   200  of  1,318.
  Batch   250  of  1,318.
  Batch   300  of  1,318.
  Batch   350  of  1,318.
  Batch   400  of  1,318.
  Batch   450  of  1,318.
  Batch   500  of  1,318.
  Batch   550  of  1,318.
  Batch   600  of  1,318.
  Batch   650  of  1,318.
  Batch   700  of  1,318.
  Batch   750  of  1,318.
  Batch   800  of  1,318.
  Batch   850  of  1,318.
  Batch   900  of  1,318.
  Batch   950  of  1,318.
  Batch 1,000  of  1,318.
  Batch 1,050  of  1,318.
  Batch 1,100  of  1,318.
  Batch 1,150  of  1,318.
  Batch 1,200  of  1,318.
  Batch 1,250  of  1,318.
  Batch 1,300  of  1,318.

Training Loss: 0.364
Validation Loss: 0.362

 Epoch 7 / 10
  Batch    50  of  5,269.
  Batch   100  of  5,269.
  Batch   150  of  5,269.
  Batch   200  of  5,269.
  Batch   250  of  5,269.
  Batch   300  of  5,269.
  Batch   350  of  5,269.
  Batch   400  of  5,269.
  Batch   450  of  5,269.
  Batch   500  of  5,269.
  Batch   550  of  5,269.
  Batch   600  of  5,269.
  Batch   650  of  5,269.
  Batch   700  of  5,269.
  Batch   750  of  5,269.
  Batch   800  of  5,269.
  Batch   850  of  5,269.
  Batch   900  of  5,269.
  Batch   950  of  5,269.
  Batch 1,000  of  5,269.
  Batch 1,050  of  5,269.
  Batch 1,100  of  5,269.
  Batch 1,150  of  5,269.
  Batch 1,200  of  5,269.
  Batch 1,250  of  5,269.
  Batch 1,300  of  5,269.
  Batch 1,350  of  5,269.
  Batch 1,400  of  5,269.
  Batch 1,450  of  5,269.
  Batch 1,500  of  5,269.
  Batch 1,550  of  5,269.
  Batch 1,600  of  5,269.
  Batch 1,650  of  5,269.
  Batch 1,700  of  5,269.
  Batch 1,750  of  5,269.
  Batch 1,800  of  5,269.
  Batch 1,850  of  5,269.
  Batch 1,900  of  5,269.
  Batch 1,950  of  5,269.
  Batch 2,000  of  5,269.
  Batch 2,050  of  5,269.
  Batch 2,100  of  5,269.
  Batch 2,150  of  5,269.
  Batch 2,200  of  5,269.
  Batch 2,250  of  5,269.
  Batch 2,300  of  5,269.
  Batch 2,350  of  5,269.
  Batch 2,400  of  5,269.
  Batch 2,450  of  5,269.
  Batch 2,500  of  5,269.
  Batch 2,550  of  5,269.
  Batch 2,600  of  5,269.
  Batch 2,650  of  5,269.
  Batch 2,700  of  5,269.
  Batch 2,750  of  5,269.
  Batch 2,800  of  5,269.
  Batch 2,850  of  5,269.
  Batch 2,900  of  5,269.
  Batch 2,950  of  5,269.
  Batch 3,000  of  5,269.
  Batch 3,050  of  5,269.
  Batch 3,100  of  5,269.
  Batch 3,150  of  5,269.
  Batch 3,200  of  5,269.
  Batch 3,250  of  5,269.
  Batch 3,300  of  5,269.
  Batch 3,350  of  5,269.
  Batch 3,400  of  5,269.
  Batch 3,450  of  5,269.
  Batch 3,500  of  5,269.
  Batch 3,550  of  5,269.
  Batch 3,600  of  5,269.
  Batch 3,650  of  5,269.
  Batch 3,700  of  5,269.
  Batch 3,750  of  5,269.
  Batch 3,800  of  5,269.
  Batch 3,850  of  5,269.
  Batch 3,900  of  5,269.
  Batch 3,950  of  5,269.
  Batch 4,000  of  5,269.
  Batch 4,050  of  5,269.
  Batch 4,100  of  5,269.
  Batch 4,150  of  5,269.
  Batch 4,200  of  5,269.
  Batch 4,250  of  5,269.
  Batch 4,300  of  5,269.
  Batch 4,350  of  5,269.
  Batch 4,400  of  5,269.
  Batch 4,450  of  5,269.
  Batch 4,500  of  5,269.
  Batch 4,550  of  5,269.
  Batch 4,600  of  5,269.
  Batch 4,650  of  5,269.
  Batch 4,700  of  5,269.
  Batch 4,750  of  5,269.
  Batch 4,800  of  5,269.
  Batch 4,850  of  5,269.
  Batch 4,900  of  5,269.
  Batch 4,950  of  5,269.
  Batch 5,000  of  5,269.
  Batch 5,050  of  5,269.
  Batch 5,100  of  5,269.
  Batch 5,150  of  5,269.
  Batch 5,200  of  5,269.
  Batch 5,250  of  5,269.

Evaluating...
  Batch    50  of  1,318.
  Batch   100  of  1,318.
  Batch   150  of  1,318.
  Batch   200  of  1,318.
  Batch   250  of  1,318.
  Batch   300  of  1,318.
  Batch   350  of  1,318.
  Batch   400  of  1,318.
  Batch   450  of  1,318.
  Batch   500  of  1,318.
  Batch   550  of  1,318.
  Batch   600  of  1,318.
  Batch   650  of  1,318.
  Batch   700  of  1,318.
  Batch   750  of  1,318.
  Batch   800  of  1,318.
  Batch   850  of  1,318.
  Batch   900  of  1,318.
  Batch   950  of  1,318.
  Batch 1,000  of  1,318.
  Batch 1,050  of  1,318.
  Batch 1,100  of  1,318.
  Batch 1,150  of  1,318.
  Batch 1,200  of  1,318.
  Batch 1,250  of  1,318.
  Batch 1,300  of  1,318.

Training Loss: 0.363
Validation Loss: 0.362

 Epoch 8 / 10
  Batch    50  of  5,269.
  Batch   100  of  5,269.
  Batch   150  of  5,269.
  Batch   200  of  5,269.
  Batch   250  of  5,269.
  Batch   300  of  5,269.
  Batch   350  of  5,269.
  Batch   400  of  5,269.
  Batch   450  of  5,269.
  Batch   500  of  5,269.
  Batch   550  of  5,269.
  Batch   600  of  5,269.
  Batch   650  of  5,269.
  Batch   700  of  5,269.
  Batch   750  of  5,269.
  Batch   800  of  5,269.
  Batch   850  of  5,269.
  Batch   900  of  5,269.
  Batch   950  of  5,269.
  Batch 1,000  of  5,269.
  Batch 1,050  of  5,269.
  Batch 1,100  of  5,269.
  Batch 1,150  of  5,269.
  Batch 1,200  of  5,269.
  Batch 1,250  of  5,269.
  Batch 1,300  of  5,269.
  Batch 1,350  of  5,269.
  Batch 1,400  of  5,269.
  Batch 1,450  of  5,269.
  Batch 1,500  of  5,269.
  Batch 1,550  of  5,269.
  Batch 1,600  of  5,269.
  Batch 1,650  of  5,269.
  Batch 1,700  of  5,269.
  Batch 1,750  of  5,269.
  Batch 1,800  of  5,269.
  Batch 1,850  of  5,269.
  Batch 1,900  of  5,269.
  Batch 1,950  of  5,269.
  Batch 2,000  of  5,269.
  Batch 2,050  of  5,269.
  Batch 2,100  of  5,269.
  Batch 2,150  of  5,269.
  Batch 2,200  of  5,269.
  Batch 2,250  of  5,269.
  Batch 2,300  of  5,269.
  Batch 2,350  of  5,269.
  Batch 2,400  of  5,269.
  Batch 2,450  of  5,269.
  Batch 2,500  of  5,269.
  Batch 2,550  of  5,269.
  Batch 2,600  of  5,269.
  Batch 2,650  of  5,269.
  Batch 2,700  of  5,269.
  Batch 2,750  of  5,269.
  Batch 2,800  of  5,269.
  Batch 2,850  of  5,269.
  Batch 2,900  of  5,269.
  Batch 2,950  of  5,269.
  Batch 3,000  of  5,269.
  Batch 3,050  of  5,269.
  Batch 3,100  of  5,269.
  Batch 3,150  of  5,269.
  Batch 3,200  of  5,269.
  Batch 3,250  of  5,269.
  Batch 3,300  of  5,269.
  Batch 3,350  of  5,269.
  Batch 3,400  of  5,269.
  Batch 3,450  of  5,269.
  Batch 3,500  of  5,269.
  Batch 3,550  of  5,269.
  Batch 3,600  of  5,269.
  Batch 3,650  of  5,269.
  Batch 3,700  of  5,269.
  Batch 3,750  of  5,269.
  Batch 3,800  of  5,269.
  Batch 3,850  of  5,269.
  Batch 3,900  of  5,269.
  Batch 3,950  of  5,269.
  Batch 4,000  of  5,269.
  Batch 4,050  of  5,269.
  Batch 4,100  of  5,269.
  Batch 4,150  of  5,269.
  Batch 4,200  of  5,269.
  Batch 4,250  of  5,269.
  Batch 4,300  of  5,269.
  Batch 4,350  of  5,269.
  Batch 4,400  of  5,269.
  Batch 4,450  of  5,269.
  Batch 4,500  of  5,269.
  Batch 4,550  of  5,269.
  Batch 4,600  of  5,269.
  Batch 4,650  of  5,269.
  Batch 4,700  of  5,269.
  Batch 4,750  of  5,269.
  Batch 4,800  of  5,269.
  Batch 4,850  of  5,269.
  Batch 4,900  of  5,269.
  Batch 4,950  of  5,269.
  Batch 5,000  of  5,269.
  Batch 5,050  of  5,269.
  Batch 5,100  of  5,269.
  Batch 5,150  of  5,269.
  Batch 5,200  of  5,269.
  Batch 5,250  of  5,269.

Evaluating...
  Batch    50  of  1,318.
  Batch   100  of  1,318.
  Batch   150  of  1,318.
  Batch   200  of  1,318.
  Batch   250  of  1,318.
  Batch   300  of  1,318.
  Batch   350  of  1,318.
  Batch   400  of  1,318.
  Batch   450  of  1,318.
  Batch   500  of  1,318.
  Batch   550  of  1,318.
  Batch   600  of  1,318.
  Batch   650  of  1,318.
  Batch   700  of  1,318.
  Batch   750  of  1,318.
  Batch   800  of  1,318.
  Batch   850  of  1,318.
  Batch   900  of  1,318.
  Batch   950  of  1,318.
  Batch 1,000  of  1,318.
  Batch 1,050  of  1,318.
  Batch 1,100  of  1,318.
  Batch 1,150  of  1,318.
  Batch 1,200  of  1,318.
  Batch 1,250  of  1,318.
  Batch 1,300  of  1,318.

Training Loss: 0.363
Validation Loss: 0.360

 Epoch 9 / 10
  Batch    50  of  5,269.
  Batch   100  of  5,269.
  Batch   150  of  5,269.
  Batch   200  of  5,269.
  Batch   250  of  5,269.
  Batch   300  of  5,269.
  Batch   350  of  5,269.
  Batch   400  of  5,269.
  Batch   450  of  5,269.
  Batch   500  of  5,269.
  Batch   550  of  5,269.
  Batch   600  of  5,269.
  Batch   650  of  5,269.
  Batch   700  of  5,269.
  Batch   750  of  5,269.
  Batch   800  of  5,269.
  Batch   850  of  5,269.
  Batch   900  of  5,269.
  Batch   950  of  5,269.
  Batch 1,000  of  5,269.
  Batch 1,050  of  5,269.
  Batch 1,100  of  5,269.
  Batch 1,150  of  5,269.
  Batch 1,200  of  5,269.
  Batch 1,250  of  5,269.
  Batch 1,300  of  5,269.
  Batch 1,350  of  5,269.
  Batch 1,400  of  5,269.
  Batch 1,450  of  5,269.
  Batch 1,500  of  5,269.
  Batch 1,550  of  5,269.
  Batch 1,600  of  5,269.
  Batch 1,650  of  5,269.
  Batch 1,700  of  5,269.
  Batch 1,750  of  5,269.
  Batch 1,800  of  5,269.
  Batch 1,850  of  5,269.
  Batch 1,900  of  5,269.
  Batch 1,950  of  5,269.
  Batch 2,000  of  5,269.
  Batch 2,050  of  5,269.
  Batch 2,100  of  5,269.
  Batch 2,150  of  5,269.
  Batch 2,200  of  5,269.
  Batch 2,250  of  5,269.
  Batch 2,300  of  5,269.
  Batch 2,350  of  5,269.
  Batch 2,400  of  5,269.
  Batch 2,450  of  5,269.
  Batch 2,500  of  5,269.
  Batch 2,550  of  5,269.
  Batch 2,600  of  5,269.
  Batch 2,650  of  5,269.
  Batch 2,700  of  5,269.
  Batch 2,750  of  5,269.
  Batch 2,800  of  5,269.
  Batch 2,850  of  5,269.
  Batch 2,900  of  5,269.
  Batch 2,950  of  5,269.
  Batch 3,000  of  5,269.
  Batch 3,050  of  5,269.
  Batch 3,100  of  5,269.
  Batch 3,150  of  5,269.
  Batch 3,200  of  5,269.
  Batch 3,250  of  5,269.
  Batch 3,300  of  5,269.
  Batch 3,350  of  5,269.
  Batch 3,400  of  5,269.
  Batch 3,450  of  5,269.
  Batch 3,500  of  5,269.
  Batch 3,550  of  5,269.
  Batch 3,600  of  5,269.
  Batch 3,650  of  5,269.
  Batch 3,700  of  5,269.
  Batch 3,750  of  5,269.
  Batch 3,800  of  5,269.
  Batch 3,850  of  5,269.
  Batch 3,900  of  5,269.
  Batch 3,950  of  5,269.
  Batch 4,000  of  5,269.
  Batch 4,050  of  5,269.
  Batch 4,100  of  5,269.
  Batch 4,150  of  5,269.
  Batch 4,200  of  5,269.
  Batch 4,250  of  5,269.
  Batch 4,300  of  5,269.
  Batch 4,350  of  5,269.
  Batch 4,400  of  5,269.
  Batch 4,450  of  5,269.
  Batch 4,500  of  5,269.
  Batch 4,550  of  5,269.
  Batch 4,600  of  5,269.
  Batch 4,650  of  5,269.
  Batch 4,700  of  5,269.
  Batch 4,750  of  5,269.
  Batch 4,800  of  5,269.
  Batch 4,850  of  5,269.
  Batch 4,900  of  5,269.
  Batch 4,950  of  5,269.
  Batch 5,000  of  5,269.
  Batch 5,050  of  5,269.
  Batch 5,100  of  5,269.
  Batch 5,150  of  5,269.
  Batch 5,200  of  5,269.
  Batch 5,250  of  5,269.

Evaluating...
  Batch    50  of  1,318.
  Batch   100  of  1,318.
  Batch   150  of  1,318.
  Batch   200  of  1,318.
  Batch   250  of  1,318.
  Batch   300  of  1,318.
  Batch   350  of  1,318.
  Batch   400  of  1,318.
  Batch   450  of  1,318.
  Batch   500  of  1,318.
  Batch   550  of  1,318.
  Batch   600  of  1,318.
  Batch   650  of  1,318.
  Batch   700  of  1,318.
  Batch   750  of  1,318.
  Batch   800  of  1,318.
  Batch   850  of  1,318.
  Batch   900  of  1,318.
  Batch   950  of  1,318.
  Batch 1,000  of  1,318.
  Batch 1,050  of  1,318.
  Batch 1,100  of  1,318.
  Batch 1,150  of  1,318.
  Batch 1,200  of  1,318.
  Batch 1,250  of  1,318.
  Batch 1,300  of  1,318.

Training Loss: 0.362
Validation Loss: 0.362

 Epoch 10 / 10
  Batch    50  of  5,269.
  Batch   100  of  5,269.
  Batch   150  of  5,269.
  Batch   200  of  5,269.
  Batch   250  of  5,269.
  Batch   300  of  5,269.
  Batch   350  of  5,269.
  Batch   400  of  5,269.
  Batch   450  of  5,269.
  Batch   500  of  5,269.
  Batch   550  of  5,269.
  Batch   600  of  5,269.
  Batch   650  of  5,269.
  Batch   700  of  5,269.
  Batch   750  of  5,269.
  Batch   800  of  5,269.
  Batch   850  of  5,269.
  Batch   900  of  5,269.
  Batch   950  of  5,269.
  Batch 1,000  of  5,269.
  Batch 1,050  of  5,269.
  Batch 1,100  of  5,269.
  Batch 1,150  of  5,269.
  Batch 1,200  of  5,269.
  Batch 1,250  of  5,269.
  Batch 1,300  of  5,269.
  Batch 1,350  of  5,269.
  Batch 1,400  of  5,269.
  Batch 1,450  of  5,269.
  Batch 1,500  of  5,269.
  Batch 1,550  of  5,269.
  Batch 1,600  of  5,269.
  Batch 1,650  of  5,269.
  Batch 1,700  of  5,269.
  Batch 1,750  of  5,269.
  Batch 1,800  of  5,269.
  Batch 1,850  of  5,269.
  Batch 1,900  of  5,269.
  Batch 1,950  of  5,269.
  Batch 2,000  of  5,269.
  Batch 2,050  of  5,269.
  Batch 2,100  of  5,269.
  Batch 2,150  of  5,269.
  Batch 2,200  of  5,269.
  Batch 2,250  of  5,269.
  Batch 2,300  of  5,269.
  Batch 2,350  of  5,269.
  Batch 2,400  of  5,269.
  Batch 2,450  of  5,269.
  Batch 2,500  of  5,269.
  Batch 2,550  of  5,269.
  Batch 2,600  of  5,269.
  Batch 2,650  of  5,269.
  Batch 2,700  of  5,269.
  Batch 2,750  of  5,269.
  Batch 2,800  of  5,269.
  Batch 2,850  of  5,269.
  Batch 2,900  of  5,269.
  Batch 2,950  of  5,269.
  Batch 3,000  of  5,269.
  Batch 3,050  of  5,269.
  Batch 3,100  of  5,269.
  Batch 3,150  of  5,269.
  Batch 3,200  of  5,269.
  Batch 3,250  of  5,269.
  Batch 3,300  of  5,269.
  Batch 3,350  of  5,269.
  Batch 3,400  of  5,269.
  Batch 3,450  of  5,269.
  Batch 3,500  of  5,269.
  Batch 3,550  of  5,269.
  Batch 3,600  of  5,269.
  Batch 3,650  of  5,269.
  Batch 3,700  of  5,269.
  Batch 3,750  of  5,269.
  Batch 3,800  of  5,269.
  Batch 3,850  of  5,269.
  Batch 3,900  of  5,269.
  Batch 3,950  of  5,269.
  Batch 4,000  of  5,269.
  Batch 4,050  of  5,269.
  Batch 4,100  of  5,269.
  Batch 4,150  of  5,269.
  Batch 4,200  of  5,269.
  Batch 4,250  of  5,269.
  Batch 4,300  of  5,269.
  Batch 4,350  of  5,269.
  Batch 4,400  of  5,269.
  Batch 4,450  of  5,269.
  Batch 4,500  of  5,269.
  Batch 4,550  of  5,269.
  Batch 4,600  of  5,269.
  Batch 4,650  of  5,269.
  Batch 4,700  of  5,269.
  Batch 4,750  of  5,269.
  Batch 4,800  of  5,269.
  Batch 4,850  of  5,269.
  Batch 4,900  of  5,269.
  Batch 4,950  of  5,269.
  Batch 5,000  of  5,269.
  Batch 5,050  of  5,269.
  Batch 5,100  of  5,269.
  Batch 5,150  of  5,269.
  Batch 5,200  of  5,269.
  Batch 5,250  of  5,269.

Evaluating...
  Batch    50  of  1,318.
  Batch   100  of  1,318.
  Batch   150  of  1,318.
  Batch   200  of  1,318.
  Batch   250  of  1,318.
  Batch   300  of  1,318.
  Batch   350  of  1,318.
  Batch   400  of  1,318.
  Batch   450  of  1,318.
  Batch   500  of  1,318.
  Batch   550  of  1,318.
  Batch   600  of  1,318.
  Batch   650  of  1,318.
  Batch   700  of  1,318.
  Batch   750  of  1,318.
  Batch   800  of  1,318.
  Batch   850  of  1,318.
  Batch   900  of  1,318.
  Batch   950  of  1,318.
  Batch 1,000  of  1,318.
  Batch 1,050  of  1,318.
  Batch 1,100  of  1,318.
  Batch 1,150  of  1,318.
  Batch 1,200  of  1,318.
  Batch 1,250  of  1,318.
  Batch 1,300  of  1,318.

Training Loss: 0.362
Validation Loss: 0.362
Best Validation Loss: 0.360
done.
