starting ...
Starting ...
Total train: 311640
255571    An excellent telling of a period that most Ame...
154799    [Link](http://ja.wallpaperpics.net/wallpaper/%...
226564    This morning, I heard talking heads on CNN bla...
377639    There's some shops in Chinatown that sell weir...
298493    This looks fantastic. Any suggestions on where...
Name: texts, dtype: object
Total validation: 77910
326523    The idea is great and exciting.. . History tel...
342800    It doesn't need Farage to polarize it and look...
270144    Just fascinating. I mean it is obvious that th...
387573    Getting a haircut, I need opinions I'm getting...
370278       "Haters gonna hate and Ain't-ers gonna Ain't."
Name: texts, dtype: object

 Epoch 1 / 10
  Batch    50  of  9,739.
  Batch   100  of  9,739.
  Batch   150  of  9,739.
  Batch   200  of  9,739.
  Batch   250  of  9,739.
  Batch   300  of  9,739.
  Batch   350  of  9,739.
  Batch   400  of  9,739.
  Batch   450  of  9,739.
  Batch   500  of  9,739.
  Batch   550  of  9,739.
  Batch   600  of  9,739.
  Batch   650  of  9,739.
  Batch   700  of  9,739.
  Batch   750  of  9,739.
  Batch   800  of  9,739.
  Batch   850  of  9,739.
  Batch   900  of  9,739.
  Batch   950  of  9,739.
  Batch 1,000  of  9,739.
  Batch 1,050  of  9,739.
  Batch 1,100  of  9,739.
  Batch 1,150  of  9,739.
  Batch 1,200  of  9,739.
  Batch 1,250  of  9,739.
  Batch 1,300  of  9,739.
  Batch 1,350  of  9,739.
  Batch 1,400  of  9,739.
  Batch 1,450  of  9,739.
  Batch 1,500  of  9,739.
  Batch 1,550  of  9,739.
  Batch 1,600  of  9,739.
  Batch 1,650  of  9,739.
  Batch 1,700  of  9,739.
  Batch 1,750  of  9,739.
  Batch 1,800  of  9,739.
  Batch 1,850  of  9,739.
  Batch 1,900  of  9,739.
  Batch 1,950  of  9,739.
  Batch 2,000  of  9,739.
  Batch 2,050  of  9,739.
  Batch 2,100  of  9,739.
  Batch 2,150  of  9,739.
  Batch 2,200  of  9,739.
  Batch 2,250  of  9,739.
  Batch 2,300  of  9,739.
  Batch 2,350  of  9,739.
  Batch 2,400  of  9,739.
  Batch 2,450  of  9,739.
  Batch 2,500  of  9,739.
  Batch 2,550  of  9,739.
  Batch 2,600  of  9,739.
  Batch 2,650  of  9,739.
  Batch 2,700  of  9,739.
  Batch 2,750  of  9,739.
  Batch 2,800  of  9,739.
  Batch 2,850  of  9,739.
  Batch 2,900  of  9,739.
  Batch 2,950  of  9,739.
  Batch 3,000  of  9,739.
  Batch 3,050  of  9,739.
  Batch 3,100  of  9,739.
  Batch 3,150  of  9,739.
  Batch 3,200  of  9,739.
  Batch 3,250  of  9,739.
  Batch 3,300  of  9,739.
  Batch 3,350  of  9,739.
  Batch 3,400  of  9,739.
  Batch 3,450  of  9,739.
  Batch 3,500  of  9,739.
  Batch 3,550  of  9,739.
  Batch 3,600  of  9,739.
  Batch 3,650  of  9,739.
  Batch 3,700  of  9,739.
  Batch 3,750  of  9,739.
  Batch 3,800  of  9,739.
  Batch 3,850  of  9,739.
  Batch 3,900  of  9,739.
  Batch 3,950  of  9,739.
  Batch 4,000  of  9,739.
  Batch 4,050  of  9,739.
  Batch 4,100  of  9,739.
  Batch 4,150  of  9,739.
  Batch 4,200  of  9,739.
  Batch 4,250  of  9,739.
  Batch 4,300  of  9,739.
  Batch 4,350  of  9,739.
  Batch 4,400  of  9,739.
  Batch 4,450  of  9,739.
  Batch 4,500  of  9,739.
  Batch 4,550  of  9,739.
  Batch 4,600  of  9,739.
  Batch 4,650  of  9,739.
  Batch 4,700  of  9,739.
  Batch 4,750  of  9,739.
  Batch 4,800  of  9,739.
  Batch 4,850  of  9,739.
  Batch 4,900  of  9,739.
  Batch 4,950  of  9,739.
  Batch 5,000  of  9,739.
  Batch 5,050  of  9,739.
  Batch 5,100  of  9,739.
  Batch 5,150  of  9,739.
  Batch 5,200  of  9,739.
  Batch 5,250  of  9,739.
  Batch 5,300  of  9,739.
  Batch 5,350  of  9,739.
  Batch 5,400  of  9,739.
  Batch 5,450  of  9,739.
  Batch 5,500  of  9,739.
  Batch 5,550  of  9,739.
  Batch 5,600  of  9,739.
  Batch 5,650  of  9,739.
  Batch 5,700  of  9,739.
  Batch 5,750  of  9,739.
  Batch 5,800  of  9,739.
  Batch 5,850  of  9,739.
  Batch 5,900  of  9,739.
  Batch 5,950  of  9,739.
  Batch 6,000  of  9,739.
  Batch 6,050  of  9,739.
  Batch 6,100  of  9,739.
  Batch 6,150  of  9,739.
  Batch 6,200  of  9,739.
  Batch 6,250  of  9,739.
  Batch 6,300  of  9,739.
  Batch 6,350  of  9,739.
  Batch 6,400  of  9,739.
  Batch 6,450  of  9,739.
  Batch 6,500  of  9,739.
  Batch 6,550  of  9,739.
  Batch 6,600  of  9,739.
  Batch 6,650  of  9,739.
  Batch 6,700  of  9,739.
  Batch 6,750  of  9,739.
  Batch 6,800  of  9,739.
  Batch 6,850  of  9,739.
  Batch 6,900  of  9,739.
  Batch 6,950  of  9,739.
  Batch 7,000  of  9,739.
  Batch 7,050  of  9,739.
  Batch 7,100  of  9,739.
  Batch 7,150  of  9,739.
  Batch 7,200  of  9,739.
  Batch 7,250  of  9,739.
  Batch 7,300  of  9,739.
  Batch 7,350  of  9,739.
  Batch 7,400  of  9,739.
  Batch 7,450  of  9,739.
  Batch 7,500  of  9,739.
  Batch 7,550  of  9,739.
  Batch 7,600  of  9,739.
  Batch 7,650  of  9,739.
  Batch 7,700  of  9,739.
  Batch 7,750  of  9,739.
  Batch 7,800  of  9,739.
  Batch 7,850  of  9,739.
  Batch 7,900  of  9,739.
  Batch 7,950  of  9,739.
  Batch 8,000  of  9,739.
  Batch 8,050  of  9,739.
  Batch 8,100  of  9,739.
  Batch 8,150  of  9,739.
  Batch 8,200  of  9,739.
  Batch 8,250  of  9,739.
  Batch 8,300  of  9,739.
  Batch 8,350  of  9,739.
  Batch 8,400  of  9,739.
  Batch 8,450  of  9,739.
  Batch 8,500  of  9,739.
  Batch 8,550  of  9,739.
  Batch 8,600  of  9,739.
  Batch 8,650  of  9,739.
  Batch 8,700  of  9,739.
  Batch 8,750  of  9,739.
  Batch 8,800  of  9,739.
  Batch 8,850  of  9,739.
  Batch 8,900  of  9,739.
  Batch 8,950  of  9,739.
  Batch 9,000  of  9,739.
  Batch 9,050  of  9,739.
  Batch 9,100  of  9,739.
  Batch 9,150  of  9,739.
  Batch 9,200  of  9,739.
  Batch 9,250  of  9,739.
  Batch 9,300  of  9,739.
  Batch 9,350  of  9,739.
  Batch 9,400  of  9,739.
  Batch 9,450  of  9,739.
  Batch 9,500  of  9,739.
  Batch 9,550  of  9,739.
  Batch 9,600  of  9,739.
  Batch 9,650  of  9,739.
  Batch 9,700  of  9,739.

Evaluating...
  Batch    50  of  2,435.
  Batch   100  of  2,435.
  Batch   150  of  2,435.
  Batch   200  of  2,435.
  Batch   250  of  2,435.
  Batch   300  of  2,435.
  Batch   350  of  2,435.
  Batch   400  of  2,435.
  Batch   450  of  2,435.
  Batch   500  of  2,435.
  Batch   550  of  2,435.
  Batch   600  of  2,435.
  Batch   650  of  2,435.
  Batch   700  of  2,435.
  Batch   750  of  2,435.
  Batch   800  of  2,435.
  Batch   850  of  2,435.
  Batch   900  of  2,435.
  Batch   950  of  2,435.
  Batch 1,000  of  2,435.
  Batch 1,050  of  2,435.
  Batch 1,100  of  2,435.
  Batch 1,150  of  2,435.
  Batch 1,200  of  2,435.
  Batch 1,250  of  2,435.
  Batch 1,300  of  2,435.
  Batch 1,350  of  2,435.
  Batch 1,400  of  2,435.
  Batch 1,450  of  2,435.
  Batch 1,500  of  2,435.
  Batch 1,550  of  2,435.
  Batch 1,600  of  2,435.
  Batch 1,650  of  2,435.
  Batch 1,700  of  2,435.
  Batch 1,750  of  2,435.
  Batch 1,800  of  2,435.
  Batch 1,850  of  2,435.
  Batch 1,900  of  2,435.
  Batch 1,950  of  2,435.
  Batch 2,000  of  2,435.
  Batch 2,050  of  2,435.
  Batch 2,100  of  2,435.
  Batch 2,150  of  2,435.
  Batch 2,200  of  2,435.
  Batch 2,250  of  2,435.
  Batch 2,300  of  2,435.
  Batch 2,350  of  2,435.
  Batch 2,400  of  2,435.

Training Loss: 0.353
Validation Loss: 0.346

 Epoch 2 / 10
  Batch    50  of  9,739.
  Batch   100  of  9,739.
  Batch   150  of  9,739.
  Batch   200  of  9,739.
  Batch   250  of  9,739.
  Batch   300  of  9,739.
  Batch   350  of  9,739.
  Batch   400  of  9,739.
  Batch   450  of  9,739.
  Batch   500  of  9,739.
  Batch   550  of  9,739.
  Batch   600  of  9,739.
  Batch   650  of  9,739.
  Batch   700  of  9,739.
  Batch   750  of  9,739.
  Batch   800  of  9,739.
  Batch   850  of  9,739.
  Batch   900  of  9,739.
  Batch   950  of  9,739.
  Batch 1,000  of  9,739.
  Batch 1,050  of  9,739.
  Batch 1,100  of  9,739.
  Batch 1,150  of  9,739.
  Batch 1,200  of  9,739.
  Batch 1,250  of  9,739.
  Batch 1,300  of  9,739.
  Batch 1,350  of  9,739.
  Batch 1,400  of  9,739.
  Batch 1,450  of  9,739.
  Batch 1,500  of  9,739.
  Batch 1,550  of  9,739.
  Batch 1,600  of  9,739.
  Batch 1,650  of  9,739.
  Batch 1,700  of  9,739.
  Batch 1,750  of  9,739.
  Batch 1,800  of  9,739.
  Batch 1,850  of  9,739.
  Batch 1,900  of  9,739.
  Batch 1,950  of  9,739.
  Batch 2,000  of  9,739.
  Batch 2,050  of  9,739.
  Batch 2,100  of  9,739.
  Batch 2,150  of  9,739.
  Batch 2,200  of  9,739.
  Batch 2,250  of  9,739.
  Batch 2,300  of  9,739.
  Batch 2,350  of  9,739.
  Batch 2,400  of  9,739.
  Batch 2,450  of  9,739.
  Batch 2,500  of  9,739.
  Batch 2,550  of  9,739.
  Batch 2,600  of  9,739.
  Batch 2,650  of  9,739.
  Batch 2,700  of  9,739.
  Batch 2,750  of  9,739.
  Batch 2,800  of  9,739.
  Batch 2,850  of  9,739.
  Batch 2,900  of  9,739.
  Batch 2,950  of  9,739.
  Batch 3,000  of  9,739.
  Batch 3,050  of  9,739.
  Batch 3,100  of  9,739.
  Batch 3,150  of  9,739.
  Batch 3,200  of  9,739.
  Batch 3,250  of  9,739.
  Batch 3,300  of  9,739.
  Batch 3,350  of  9,739.
  Batch 3,400  of  9,739.
  Batch 3,450  of  9,739.
  Batch 3,500  of  9,739.
  Batch 3,550  of  9,739.
  Batch 3,600  of  9,739.
  Batch 3,650  of  9,739.
  Batch 3,700  of  9,739.
  Batch 3,750  of  9,739.
  Batch 3,800  of  9,739.
  Batch 3,850  of  9,739.
  Batch 3,900  of  9,739.
  Batch 3,950  of  9,739.
  Batch 4,000  of  9,739.
  Batch 4,050  of  9,739.
  Batch 4,100  of  9,739.
  Batch 4,150  of  9,739.
  Batch 4,200  of  9,739.
  Batch 4,250  of  9,739.
  Batch 4,300  of  9,739.
  Batch 4,350  of  9,739.
  Batch 4,400  of  9,739.
  Batch 4,450  of  9,739.
  Batch 4,500  of  9,739.
  Batch 4,550  of  9,739.
  Batch 4,600  of  9,739.
  Batch 4,650  of  9,739.
  Batch 4,700  of  9,739.
  Batch 4,750  of  9,739.
  Batch 4,800  of  9,739.
  Batch 4,850  of  9,739.
  Batch 4,900  of  9,739.
  Batch 4,950  of  9,739.
  Batch 5,000  of  9,739.
  Batch 5,050  of  9,739.
  Batch 5,100  of  9,739.
  Batch 5,150  of  9,739.
  Batch 5,200  of  9,739.
  Batch 5,250  of  9,739.
  Batch 5,300  of  9,739.
  Batch 5,350  of  9,739.
  Batch 5,400  of  9,739.
  Batch 5,450  of  9,739.
  Batch 5,500  of  9,739.
  Batch 5,550  of  9,739.
  Batch 5,600  of  9,739.
  Batch 5,650  of  9,739.
  Batch 5,700  of  9,739.
  Batch 5,750  of  9,739.
  Batch 5,800  of  9,739.
  Batch 5,850  of  9,739.
  Batch 5,900  of  9,739.
  Batch 5,950  of  9,739.
  Batch 6,000  of  9,739.
  Batch 6,050  of  9,739.
  Batch 6,100  of  9,739.
  Batch 6,150  of  9,739.
  Batch 6,200  of  9,739.
  Batch 6,250  of  9,739.
  Batch 6,300  of  9,739.
  Batch 6,350  of  9,739.
  Batch 6,400  of  9,739.
  Batch 6,450  of  9,739.
  Batch 6,500  of  9,739.
  Batch 6,550  of  9,739.
  Batch 6,600  of  9,739.
  Batch 6,650  of  9,739.
  Batch 6,700  of  9,739.
  Batch 6,750  of  9,739.
  Batch 6,800  of  9,739.
  Batch 6,850  of  9,739.
  Batch 6,900  of  9,739.
  Batch 6,950  of  9,739.
  Batch 7,000  of  9,739.
  Batch 7,050  of  9,739.
  Batch 7,100  of  9,739.
  Batch 7,150  of  9,739.
  Batch 7,200  of  9,739.
  Batch 7,250  of  9,739.
  Batch 7,300  of  9,739.
  Batch 7,350  of  9,739.
  Batch 7,400  of  9,739.
  Batch 7,450  of  9,739.
  Batch 7,500  of  9,739.
  Batch 7,550  of  9,739.
  Batch 7,600  of  9,739.
  Batch 7,650  of  9,739.
  Batch 7,700  of  9,739.
  Batch 7,750  of  9,739.
  Batch 7,800  of  9,739.
  Batch 7,850  of  9,739.
  Batch 7,900  of  9,739.
  Batch 7,950  of  9,739.
  Batch 8,000  of  9,739.
  Batch 8,050  of  9,739.
  Batch 8,100  of  9,739.
  Batch 8,150  of  9,739.
  Batch 8,200  of  9,739.
  Batch 8,250  of  9,739.
  Batch 8,300  of  9,739.
  Batch 8,350  of  9,739.
  Batch 8,400  of  9,739.
  Batch 8,450  of  9,739.
  Batch 8,500  of  9,739.
  Batch 8,550  of  9,739.
  Batch 8,600  of  9,739.
  Batch 8,650  of  9,739.
  Batch 8,700  of  9,739.
  Batch 8,750  of  9,739.
  Batch 8,800  of  9,739.
  Batch 8,850  of  9,739.
  Batch 8,900  of  9,739.
  Batch 8,950  of  9,739.
  Batch 9,000  of  9,739.
  Batch 9,050  of  9,739.
  Batch 9,100  of  9,739.
  Batch 9,150  of  9,739.
  Batch 9,200  of  9,739.
  Batch 9,250  of  9,739.
  Batch 9,300  of  9,739.
  Batch 9,350  of  9,739.
  Batch 9,400  of  9,739.
  Batch 9,450  of  9,739.
  Batch 9,500  of  9,739.
  Batch 9,550  of  9,739.
  Batch 9,600  of  9,739.
  Batch 9,650  of  9,739.
  Batch 9,700  of  9,739.

Evaluating...
  Batch    50  of  2,435.
  Batch   100  of  2,435.
  Batch   150  of  2,435.
  Batch   200  of  2,435.
  Batch   250  of  2,435.
  Batch   300  of  2,435.
  Batch   350  of  2,435.
  Batch   400  of  2,435.
  Batch   450  of  2,435.
  Batch   500  of  2,435.
  Batch   550  of  2,435.
  Batch   600  of  2,435.
  Batch   650  of  2,435.
  Batch   700  of  2,435.
  Batch   750  of  2,435.
  Batch   800  of  2,435.
  Batch   850  of  2,435.
  Batch   900  of  2,435.
  Batch   950  of  2,435.
  Batch 1,000  of  2,435.
  Batch 1,050  of  2,435.
  Batch 1,100  of  2,435.
  Batch 1,150  of  2,435.
  Batch 1,200  of  2,435.
  Batch 1,250  of  2,435.
  Batch 1,300  of  2,435.
  Batch 1,350  of  2,435.
  Batch 1,400  of  2,435.
  Batch 1,450  of  2,435.
  Batch 1,500  of  2,435.
  Batch 1,550  of  2,435.
  Batch 1,600  of  2,435.
  Batch 1,650  of  2,435.
  Batch 1,700  of  2,435.
  Batch 1,750  of  2,435.
  Batch 1,800  of  2,435.
  Batch 1,850  of  2,435.
  Batch 1,900  of  2,435.
  Batch 1,950  of  2,435.
  Batch 2,000  of  2,435.
  Batch 2,050  of  2,435.
  Batch 2,100  of  2,435.
  Batch 2,150  of  2,435.
  Batch 2,200  of  2,435.
  Batch 2,250  of  2,435.
  Batch 2,300  of  2,435.
  Batch 2,350  of  2,435.
  Batch 2,400  of  2,435.

Training Loss: 0.344
Validation Loss: 0.342

 Epoch 3 / 10
  Batch    50  of  9,739.
  Batch   100  of  9,739.
  Batch   150  of  9,739.
  Batch   200  of  9,739.
  Batch   250  of  9,739.
  Batch   300  of  9,739.
  Batch   350  of  9,739.
  Batch   400  of  9,739.
  Batch   450  of  9,739.
  Batch   500  of  9,739.
  Batch   550  of  9,739.
  Batch   600  of  9,739.
  Batch   650  of  9,739.
  Batch   700  of  9,739.
  Batch   750  of  9,739.
  Batch   800  of  9,739.
  Batch   850  of  9,739.
  Batch   900  of  9,739.
  Batch   950  of  9,739.
  Batch 1,000  of  9,739.
  Batch 1,050  of  9,739.
  Batch 1,100  of  9,739.
  Batch 1,150  of  9,739.
  Batch 1,200  of  9,739.
  Batch 1,250  of  9,739.
  Batch 1,300  of  9,739.
  Batch 1,350  of  9,739.
  Batch 1,400  of  9,739.
  Batch 1,450  of  9,739.
  Batch 1,500  of  9,739.
  Batch 1,550  of  9,739.
  Batch 1,600  of  9,739.
  Batch 1,650  of  9,739.
  Batch 1,700  of  9,739.
  Batch 1,750  of  9,739.
  Batch 1,800  of  9,739.
  Batch 1,850  of  9,739.
  Batch 1,900  of  9,739.
  Batch 1,950  of  9,739.
  Batch 2,000  of  9,739.
  Batch 2,050  of  9,739.
  Batch 2,100  of  9,739.
  Batch 2,150  of  9,739.
  Batch 2,200  of  9,739.
  Batch 2,250  of  9,739.
  Batch 2,300  of  9,739.
  Batch 2,350  of  9,739.
  Batch 2,400  of  9,739.
  Batch 2,450  of  9,739.
  Batch 2,500  of  9,739.
  Batch 2,550  of  9,739.
  Batch 2,600  of  9,739.
  Batch 2,650  of  9,739.
  Batch 2,700  of  9,739.
  Batch 2,750  of  9,739.
  Batch 2,800  of  9,739.
  Batch 2,850  of  9,739.
  Batch 2,900  of  9,739.
  Batch 2,950  of  9,739.
  Batch 3,000  of  9,739.
  Batch 3,050  of  9,739.
  Batch 3,100  of  9,739.
  Batch 3,150  of  9,739.
  Batch 3,200  of  9,739.
  Batch 3,250  of  9,739.
  Batch 3,300  of  9,739.
  Batch 3,350  of  9,739.
  Batch 3,400  of  9,739.
  Batch 3,450  of  9,739.
  Batch 3,500  of  9,739.
  Batch 3,550  of  9,739.
  Batch 3,600  of  9,739.
  Batch 3,650  of  9,739.
  Batch 3,700  of  9,739.
  Batch 3,750  of  9,739.
  Batch 3,800  of  9,739.
  Batch 3,850  of  9,739.
  Batch 3,900  of  9,739.
  Batch 3,950  of  9,739.
  Batch 4,000  of  9,739.
  Batch 4,050  of  9,739.
  Batch 4,100  of  9,739.
  Batch 4,150  of  9,739.
  Batch 4,200  of  9,739.
  Batch 4,250  of  9,739.
  Batch 4,300  of  9,739.
  Batch 4,350  of  9,739.
  Batch 4,400  of  9,739.
  Batch 4,450  of  9,739.
  Batch 4,500  of  9,739.
  Batch 4,550  of  9,739.
  Batch 4,600  of  9,739.
  Batch 4,650  of  9,739.
  Batch 4,700  of  9,739.
  Batch 4,750  of  9,739.
  Batch 4,800  of  9,739.
  Batch 4,850  of  9,739.
  Batch 4,900  of  9,739.
  Batch 4,950  of  9,739.
  Batch 5,000  of  9,739.
  Batch 5,050  of  9,739.
  Batch 5,100  of  9,739.
  Batch 5,150  of  9,739.
  Batch 5,200  of  9,739.
  Batch 5,250  of  9,739.
  Batch 5,300  of  9,739.
  Batch 5,350  of  9,739.
  Batch 5,400  of  9,739.
  Batch 5,450  of  9,739.
  Batch 5,500  of  9,739.
  Batch 5,550  of  9,739.
  Batch 5,600  of  9,739.
  Batch 5,650  of  9,739.
  Batch 5,700  of  9,739.
  Batch 5,750  of  9,739.
  Batch 5,800  of  9,739.
  Batch 5,850  of  9,739.
  Batch 5,900  of  9,739.
  Batch 5,950  of  9,739.
  Batch 6,000  of  9,739.
  Batch 6,050  of  9,739.
  Batch 6,100  of  9,739.
  Batch 6,150  of  9,739.
  Batch 6,200  of  9,739.
  Batch 6,250  of  9,739.
  Batch 6,300  of  9,739.
  Batch 6,350  of  9,739.
  Batch 6,400  of  9,739.
  Batch 6,450  of  9,739.
  Batch 6,500  of  9,739.
  Batch 6,550  of  9,739.
  Batch 6,600  of  9,739.
  Batch 6,650  of  9,739.
  Batch 6,700  of  9,739.
  Batch 6,750  of  9,739.
  Batch 6,800  of  9,739.
  Batch 6,850  of  9,739.
  Batch 6,900  of  9,739.
  Batch 6,950  of  9,739.
  Batch 7,000  of  9,739.
  Batch 7,050  of  9,739.
  Batch 7,100  of  9,739.
  Batch 7,150  of  9,739.
  Batch 7,200  of  9,739.
  Batch 7,250  of  9,739.
  Batch 7,300  of  9,739.
  Batch 7,350  of  9,739.
  Batch 7,400  of  9,739.
  Batch 7,450  of  9,739.
  Batch 7,500  of  9,739.
  Batch 7,550  of  9,739.
  Batch 7,600  of  9,739.
  Batch 7,650  of  9,739.
  Batch 7,700  of  9,739.
  Batch 7,750  of  9,739.
  Batch 7,800  of  9,739.
  Batch 7,850  of  9,739.
  Batch 7,900  of  9,739.
  Batch 7,950  of  9,739.
  Batch 8,000  of  9,739.
  Batch 8,050  of  9,739.
  Batch 8,100  of  9,739.
  Batch 8,150  of  9,739.
  Batch 8,200  of  9,739.
  Batch 8,250  of  9,739.
  Batch 8,300  of  9,739.
  Batch 8,350  of  9,739.
  Batch 8,400  of  9,739.
  Batch 8,450  of  9,739.
  Batch 8,500  of  9,739.
  Batch 8,550  of  9,739.
  Batch 8,600  of  9,739.
  Batch 8,650  of  9,739.
  Batch 8,700  of  9,739.
  Batch 8,750  of  9,739.
  Batch 8,800  of  9,739.
  Batch 8,850  of  9,739.
  Batch 8,900  of  9,739.
  Batch 8,950  of  9,739.
  Batch 9,000  of  9,739.
  Batch 9,050  of  9,739.
  Batch 9,100  of  9,739.
  Batch 9,150  of  9,739.
  Batch 9,200  of  9,739.
  Batch 9,250  of  9,739.
  Batch 9,300  of  9,739.
  Batch 9,350  of  9,739.
  Batch 9,400  of  9,739.
  Batch 9,450  of  9,739.
  Batch 9,500  of  9,739.
  Batch 9,550  of  9,739.
  Batch 9,600  of  9,739.
  Batch 9,650  of  9,739.
  Batch 9,700  of  9,739.

Evaluating...
  Batch    50  of  2,435.
  Batch   100  of  2,435.
  Batch   150  of  2,435.
  Batch   200  of  2,435.
  Batch   250  of  2,435.
  Batch   300  of  2,435.
  Batch   350  of  2,435.
  Batch   400  of  2,435.
  Batch   450  of  2,435.
  Batch   500  of  2,435.
  Batch   550  of  2,435.
  Batch   600  of  2,435.
  Batch   650  of  2,435.
  Batch   700  of  2,435.
  Batch   750  of  2,435.
  Batch   800  of  2,435.
  Batch   850  of  2,435.
  Batch   900  of  2,435.
  Batch   950  of  2,435.
  Batch 1,000  of  2,435.
  Batch 1,050  of  2,435.
  Batch 1,100  of  2,435.
  Batch 1,150  of  2,435.
  Batch 1,200  of  2,435.
  Batch 1,250  of  2,435.
  Batch 1,300  of  2,435.
  Batch 1,350  of  2,435.
  Batch 1,400  of  2,435.
  Batch 1,450  of  2,435.
  Batch 1,500  of  2,435.
  Batch 1,550  of  2,435.
  Batch 1,600  of  2,435.
  Batch 1,650  of  2,435.
  Batch 1,700  of  2,435.
  Batch 1,750  of  2,435.
  Batch 1,800  of  2,435.
  Batch 1,850  of  2,435.
  Batch 1,900  of  2,435.
  Batch 1,950  of  2,435.
  Batch 2,000  of  2,435.
  Batch 2,050  of  2,435.
  Batch 2,100  of  2,435.
  Batch 2,150  of  2,435.
  Batch 2,200  of  2,435.
  Batch 2,250  of  2,435.
  Batch 2,300  of  2,435.
  Batch 2,350  of  2,435.
  Batch 2,400  of  2,435.

Training Loss: 0.341
Validation Loss: 0.340

 Epoch 4 / 10
  Batch    50  of  9,739.
  Batch   100  of  9,739.
  Batch   150  of  9,739.
  Batch   200  of  9,739.
  Batch   250  of  9,739.
  Batch   300  of  9,739.
  Batch   350  of  9,739.
  Batch   400  of  9,739.
  Batch   450  of  9,739.
  Batch   500  of  9,739.
  Batch   550  of  9,739.
  Batch   600  of  9,739.
  Batch   650  of  9,739.
  Batch   700  of  9,739.
  Batch   750  of  9,739.
  Batch   800  of  9,739.
  Batch   850  of  9,739.
  Batch   900  of  9,739.
  Batch   950  of  9,739.
  Batch 1,000  of  9,739.
  Batch 1,050  of  9,739.
  Batch 1,100  of  9,739.
  Batch 1,150  of  9,739.
  Batch 1,200  of  9,739.
  Batch 1,250  of  9,739.
  Batch 1,300  of  9,739.
  Batch 1,350  of  9,739.
  Batch 1,400  of  9,739.
  Batch 1,450  of  9,739.
  Batch 1,500  of  9,739.
  Batch 1,550  of  9,739.
  Batch 1,600  of  9,739.
  Batch 1,650  of  9,739.
  Batch 1,700  of  9,739.
  Batch 1,750  of  9,739.
  Batch 1,800  of  9,739.
  Batch 1,850  of  9,739.
  Batch 1,900  of  9,739.
  Batch 1,950  of  9,739.
  Batch 2,000  of  9,739.
  Batch 2,050  of  9,739.
  Batch 2,100  of  9,739.
  Batch 2,150  of  9,739.
  Batch 2,200  of  9,739.
  Batch 2,250  of  9,739.
  Batch 2,300  of  9,739.
  Batch 2,350  of  9,739.
  Batch 2,400  of  9,739.
  Batch 2,450  of  9,739.
  Batch 2,500  of  9,739.
  Batch 2,550  of  9,739.
  Batch 2,600  of  9,739.
  Batch 2,650  of  9,739.
  Batch 2,700  of  9,739.
  Batch 2,750  of  9,739.
  Batch 2,800  of  9,739.
  Batch 2,850  of  9,739.
  Batch 2,900  of  9,739.
  Batch 2,950  of  9,739.
  Batch 3,000  of  9,739.
  Batch 3,050  of  9,739.
  Batch 3,100  of  9,739.
  Batch 3,150  of  9,739.
  Batch 3,200  of  9,739.
  Batch 3,250  of  9,739.
  Batch 3,300  of  9,739.
  Batch 3,350  of  9,739.
  Batch 3,400  of  9,739.
  Batch 3,450  of  9,739.
  Batch 3,500  of  9,739.
  Batch 3,550  of  9,739.
  Batch 3,600  of  9,739.
  Batch 3,650  of  9,739.
  Batch 3,700  of  9,739.
  Batch 3,750  of  9,739.
  Batch 3,800  of  9,739.
  Batch 3,850  of  9,739.
  Batch 3,900  of  9,739.
  Batch 3,950  of  9,739.
  Batch 4,000  of  9,739.
  Batch 4,050  of  9,739.
  Batch 4,100  of  9,739.
  Batch 4,150  of  9,739.
  Batch 4,200  of  9,739.
  Batch 4,250  of  9,739.
  Batch 4,300  of  9,739.
  Batch 4,350  of  9,739.
  Batch 4,400  of  9,739.
  Batch 4,450  of  9,739.
  Batch 4,500  of  9,739.
  Batch 4,550  of  9,739.
  Batch 4,600  of  9,739.
  Batch 4,650  of  9,739.
  Batch 4,700  of  9,739.
  Batch 4,750  of  9,739.
  Batch 4,800  of  9,739.
  Batch 4,850  of  9,739.
  Batch 4,900  of  9,739.
  Batch 4,950  of  9,739.
  Batch 5,000  of  9,739.
  Batch 5,050  of  9,739.
  Batch 5,100  of  9,739.
  Batch 5,150  of  9,739.
  Batch 5,200  of  9,739.
  Batch 5,250  of  9,739.
  Batch 5,300  of  9,739.
  Batch 5,350  of  9,739.
  Batch 5,400  of  9,739.
  Batch 5,450  of  9,739.
  Batch 5,500  of  9,739.
  Batch 5,550  of  9,739.
  Batch 5,600  of  9,739.
  Batch 5,650  of  9,739.
  Batch 5,700  of  9,739.
  Batch 5,750  of  9,739.
  Batch 5,800  of  9,739.
  Batch 5,850  of  9,739.
  Batch 5,900  of  9,739.
  Batch 5,950  of  9,739.
  Batch 6,000  of  9,739.
  Batch 6,050  of  9,739.
  Batch 6,100  of  9,739.
  Batch 6,150  of  9,739.
  Batch 6,200  of  9,739.
  Batch 6,250  of  9,739.
  Batch 6,300  of  9,739.
  Batch 6,350  of  9,739.
  Batch 6,400  of  9,739.
  Batch 6,450  of  9,739.
  Batch 6,500  of  9,739.
  Batch 6,550  of  9,739.
  Batch 6,600  of  9,739.
  Batch 6,650  of  9,739.
  Batch 6,700  of  9,739.
  Batch 6,750  of  9,739.
  Batch 6,800  of  9,739.
  Batch 6,850  of  9,739.
  Batch 6,900  of  9,739.
  Batch 6,950  of  9,739.
  Batch 7,000  of  9,739.
  Batch 7,050  of  9,739.
  Batch 7,100  of  9,739.
  Batch 7,150  of  9,739.
  Batch 7,200  of  9,739.
  Batch 7,250  of  9,739.
  Batch 7,300  of  9,739.
  Batch 7,350  of  9,739.
  Batch 7,400  of  9,739.
  Batch 7,450  of  9,739.
  Batch 7,500  of  9,739.
  Batch 7,550  of  9,739.
  Batch 7,600  of  9,739.
  Batch 7,650  of  9,739.
  Batch 7,700  of  9,739.
  Batch 7,750  of  9,739.
  Batch 7,800  of  9,739.
  Batch 7,850  of  9,739.
  Batch 7,900  of  9,739.
  Batch 7,950  of  9,739.
  Batch 8,000  of  9,739.
  Batch 8,050  of  9,739.
  Batch 8,100  of  9,739.
  Batch 8,150  of  9,739.
  Batch 8,200  of  9,739.
  Batch 8,250  of  9,739.
  Batch 8,300  of  9,739.
  Batch 8,350  of  9,739.
  Batch 8,400  of  9,739.
  Batch 8,450  of  9,739.
  Batch 8,500  of  9,739.
  Batch 8,550  of  9,739.
  Batch 8,600  of  9,739.
  Batch 8,650  of  9,739.
  Batch 8,700  of  9,739.
  Batch 8,750  of  9,739.
  Batch 8,800  of  9,739.
  Batch 8,850  of  9,739.
  Batch 8,900  of  9,739.
  Batch 8,950  of  9,739.
  Batch 9,000  of  9,739.
  Batch 9,050  of  9,739.
  Batch 9,100  of  9,739.
  Batch 9,150  of  9,739.
  Batch 9,200  of  9,739.
  Batch 9,250  of  9,739.
  Batch 9,300  of  9,739.
  Batch 9,350  of  9,739.
  Batch 9,400  of  9,739.
  Batch 9,450  of  9,739.
  Batch 9,500  of  9,739.
  Batch 9,550  of  9,739.
  Batch 9,600  of  9,739.
  Batch 9,650  of  9,739.
  Batch 9,700  of  9,739.

Evaluating...
  Batch    50  of  2,435.
  Batch   100  of  2,435.
  Batch   150  of  2,435.
  Batch   200  of  2,435.
  Batch   250  of  2,435.
  Batch   300  of  2,435.
  Batch   350  of  2,435.
  Batch   400  of  2,435.
  Batch   450  of  2,435.
  Batch   500  of  2,435.
  Batch   550  of  2,435.
  Batch   600  of  2,435.
  Batch   650  of  2,435.
  Batch   700  of  2,435.
  Batch   750  of  2,435.
  Batch   800  of  2,435.
  Batch   850  of  2,435.
  Batch   900  of  2,435.
  Batch   950  of  2,435.
  Batch 1,000  of  2,435.
  Batch 1,050  of  2,435.
  Batch 1,100  of  2,435.
  Batch 1,150  of  2,435.
  Batch 1,200  of  2,435.
  Batch 1,250  of  2,435.
  Batch 1,300  of  2,435.
  Batch 1,350  of  2,435.
  Batch 1,400  of  2,435.
  Batch 1,450  of  2,435.
  Batch 1,500  of  2,435.
  Batch 1,550  of  2,435.
  Batch 1,600  of  2,435.
  Batch 1,650  of  2,435.
  Batch 1,700  of  2,435.
  Batch 1,750  of  2,435.
  Batch 1,800  of  2,435.
  Batch 1,850  of  2,435.
  Batch 1,900  of  2,435.
  Batch 1,950  of  2,435.
  Batch 2,000  of  2,435.
  Batch 2,050  of  2,435.
  Batch 2,100  of  2,435.
  Batch 2,150  of  2,435.
  Batch 2,200  of  2,435.
  Batch 2,250  of  2,435.
  Batch 2,300  of  2,435.
  Batch 2,350  of  2,435.
  Batch 2,400  of  2,435.

Training Loss: 0.340
Validation Loss: 0.339

 Epoch 5 / 10
  Batch    50  of  9,739.
  Batch   100  of  9,739.
  Batch   150  of  9,739.
  Batch   200  of  9,739.
  Batch   250  of  9,739.
  Batch   300  of  9,739.
  Batch   350  of  9,739.
  Batch   400  of  9,739.
  Batch   450  of  9,739.
  Batch   500  of  9,739.
  Batch   550  of  9,739.
  Batch   600  of  9,739.
  Batch   650  of  9,739.
  Batch   700  of  9,739.
  Batch   750  of  9,739.
  Batch   800  of  9,739.
  Batch   850  of  9,739.
  Batch   900  of  9,739.
  Batch   950  of  9,739.
  Batch 1,000  of  9,739.
  Batch 1,050  of  9,739.
  Batch 1,100  of  9,739.
  Batch 1,150  of  9,739.
  Batch 1,200  of  9,739.
  Batch 1,250  of  9,739.
  Batch 1,300  of  9,739.
  Batch 1,350  of  9,739.
  Batch 1,400  of  9,739.
  Batch 1,450  of  9,739.
  Batch 1,500  of  9,739.
  Batch 1,550  of  9,739.
  Batch 1,600  of  9,739.
  Batch 1,650  of  9,739.
  Batch 1,700  of  9,739.
  Batch 1,750  of  9,739.
  Batch 1,800  of  9,739.
  Batch 1,850  of  9,739.
  Batch 1,900  of  9,739.
  Batch 1,950  of  9,739.
  Batch 2,000  of  9,739.
  Batch 2,050  of  9,739.
  Batch 2,100  of  9,739.
  Batch 2,150  of  9,739.
  Batch 2,200  of  9,739.
  Batch 2,250  of  9,739.
  Batch 2,300  of  9,739.
  Batch 2,350  of  9,739.
  Batch 2,400  of  9,739.
  Batch 2,450  of  9,739.
  Batch 2,500  of  9,739.
  Batch 2,550  of  9,739.
  Batch 2,600  of  9,739.
  Batch 2,650  of  9,739.
  Batch 2,700  of  9,739.
  Batch 2,750  of  9,739.
  Batch 2,800  of  9,739.
  Batch 2,850  of  9,739.
  Batch 2,900  of  9,739.
  Batch 2,950  of  9,739.
  Batch 3,000  of  9,739.
  Batch 3,050  of  9,739.
  Batch 3,100  of  9,739.
  Batch 3,150  of  9,739.
  Batch 3,200  of  9,739.
  Batch 3,250  of  9,739.
  Batch 3,300  of  9,739.
  Batch 3,350  of  9,739.
  Batch 3,400  of  9,739.
  Batch 3,450  of  9,739.
  Batch 3,500  of  9,739.
  Batch 3,550  of  9,739.
  Batch 3,600  of  9,739.
  Batch 3,650  of  9,739.
  Batch 3,700  of  9,739.
  Batch 3,750  of  9,739.
  Batch 3,800  of  9,739.
  Batch 3,850  of  9,739.
  Batch 3,900  of  9,739.
  Batch 3,950  of  9,739.
  Batch 4,000  of  9,739.
  Batch 4,050  of  9,739.
  Batch 4,100  of  9,739.
  Batch 4,150  of  9,739.
  Batch 4,200  of  9,739.
  Batch 4,250  of  9,739.
  Batch 4,300  of  9,739.
  Batch 4,350  of  9,739.
  Batch 4,400  of  9,739.
  Batch 4,450  of  9,739.
  Batch 4,500  of  9,739.
  Batch 4,550  of  9,739.
  Batch 4,600  of  9,739.
  Batch 4,650  of  9,739.
  Batch 4,700  of  9,739.
  Batch 4,750  of  9,739.
  Batch 4,800  of  9,739.
  Batch 4,850  of  9,739.
  Batch 4,900  of  9,739.
  Batch 4,950  of  9,739.
  Batch 5,000  of  9,739.
  Batch 5,050  of  9,739.
  Batch 5,100  of  9,739.
  Batch 5,150  of  9,739.
  Batch 5,200  of  9,739.
  Batch 5,250  of  9,739.
  Batch 5,300  of  9,739.
  Batch 5,350  of  9,739.
  Batch 5,400  of  9,739.
  Batch 5,450  of  9,739.
  Batch 5,500  of  9,739.
  Batch 5,550  of  9,739.
  Batch 5,600  of  9,739.
  Batch 5,650  of  9,739.
  Batch 5,700  of  9,739.
  Batch 5,750  of  9,739.
  Batch 5,800  of  9,739.
  Batch 5,850  of  9,739.
  Batch 5,900  of  9,739.
  Batch 5,950  of  9,739.
  Batch 6,000  of  9,739.
  Batch 6,050  of  9,739.
  Batch 6,100  of  9,739.
  Batch 6,150  of  9,739.
  Batch 6,200  of  9,739.
  Batch 6,250  of  9,739.
  Batch 6,300  of  9,739.
  Batch 6,350  of  9,739.
  Batch 6,400  of  9,739.
  Batch 6,450  of  9,739.
  Batch 6,500  of  9,739.
  Batch 6,550  of  9,739.
  Batch 6,600  of  9,739.
  Batch 6,650  of  9,739.
  Batch 6,700  of  9,739.
  Batch 6,750  of  9,739.
  Batch 6,800  of  9,739.
  Batch 6,850  of  9,739.
  Batch 6,900  of  9,739.
  Batch 6,950  of  9,739.
  Batch 7,000  of  9,739.
  Batch 7,050  of  9,739.
  Batch 7,100  of  9,739.
  Batch 7,150  of  9,739.
  Batch 7,200  of  9,739.
  Batch 7,250  of  9,739.
  Batch 7,300  of  9,739.
  Batch 7,350  of  9,739.
  Batch 7,400  of  9,739.
  Batch 7,450  of  9,739.
  Batch 7,500  of  9,739.
  Batch 7,550  of  9,739.
  Batch 7,600  of  9,739.
  Batch 7,650  of  9,739.
  Batch 7,700  of  9,739.
  Batch 7,750  of  9,739.
  Batch 7,800  of  9,739.
  Batch 7,850  of  9,739.
  Batch 7,900  of  9,739.
  Batch 7,950  of  9,739.
  Batch 8,000  of  9,739.
  Batch 8,050  of  9,739.
  Batch 8,100  of  9,739.
  Batch 8,150  of  9,739.
  Batch 8,200  of  9,739.
  Batch 8,250  of  9,739.
  Batch 8,300  of  9,739.
  Batch 8,350  of  9,739.
  Batch 8,400  of  9,739.
  Batch 8,450  of  9,739.
  Batch 8,500  of  9,739.
  Batch 8,550  of  9,739.
  Batch 8,600  of  9,739.
  Batch 8,650  of  9,739.
  Batch 8,700  of  9,739.
  Batch 8,750  of  9,739.
  Batch 8,800  of  9,739.
  Batch 8,850  of  9,739.
  Batch 8,900  of  9,739.
  Batch 8,950  of  9,739.
  Batch 9,000  of  9,739.
  Batch 9,050  of  9,739.
  Batch 9,100  of  9,739.
  Batch 9,150  of  9,739.
  Batch 9,200  of  9,739.
  Batch 9,250  of  9,739.
  Batch 9,300  of  9,739.
  Batch 9,350  of  9,739.
  Batch 9,400  of  9,739.
  Batch 9,450  of  9,739.
  Batch 9,500  of  9,739.
  Batch 9,550  of  9,739.
  Batch 9,600  of  9,739.
  Batch 9,650  of  9,739.
  Batch 9,700  of  9,739.

Evaluating...
  Batch    50  of  2,435.
  Batch   100  of  2,435.
  Batch   150  of  2,435.
  Batch   200  of  2,435.
  Batch   250  of  2,435.
  Batch   300  of  2,435.
  Batch   350  of  2,435.
  Batch   400  of  2,435.
  Batch   450  of  2,435.
  Batch   500  of  2,435.
  Batch   550  of  2,435.
  Batch   600  of  2,435.
  Batch   650  of  2,435.
  Batch   700  of  2,435.
  Batch   750  of  2,435.
  Batch   800  of  2,435.
  Batch   850  of  2,435.
  Batch   900  of  2,435.
  Batch   950  of  2,435.
  Batch 1,000  of  2,435.
  Batch 1,050  of  2,435.
  Batch 1,100  of  2,435.
  Batch 1,150  of  2,435.
  Batch 1,200  of  2,435.
  Batch 1,250  of  2,435.
  Batch 1,300  of  2,435.
  Batch 1,350  of  2,435.
  Batch 1,400  of  2,435.
  Batch 1,450  of  2,435.
  Batch 1,500  of  2,435.
  Batch 1,550  of  2,435.
  Batch 1,600  of  2,435.
  Batch 1,650  of  2,435.
  Batch 1,700  of  2,435.
  Batch 1,750  of  2,435.
  Batch 1,800  of  2,435.
  Batch 1,850  of  2,435.
  Batch 1,900  of  2,435.
  Batch 1,950  of  2,435.
  Batch 2,000  of  2,435.
  Batch 2,050  of  2,435.
  Batch 2,100  of  2,435.
  Batch 2,150  of  2,435.
  Batch 2,200  of  2,435.
  Batch 2,250  of  2,435.
  Batch 2,300  of  2,435.
  Batch 2,350  of  2,435.
  Batch 2,400  of  2,435.

Training Loss: 0.339
Validation Loss: 0.338

 Epoch 6 / 10
  Batch    50  of  9,739.
  Batch   100  of  9,739.
  Batch   150  of  9,739.
  Batch   200  of  9,739.
  Batch   250  of  9,739.
  Batch   300  of  9,739.
  Batch   350  of  9,739.
  Batch   400  of  9,739.
  Batch   450  of  9,739.
  Batch   500  of  9,739.
  Batch   550  of  9,739.
  Batch   600  of  9,739.
  Batch   650  of  9,739.
  Batch   700  of  9,739.
  Batch   750  of  9,739.
  Batch   800  of  9,739.
  Batch   850  of  9,739.
  Batch   900  of  9,739.
  Batch   950  of  9,739.
  Batch 1,000  of  9,739.
  Batch 1,050  of  9,739.
  Batch 1,100  of  9,739.
  Batch 1,150  of  9,739.
  Batch 1,200  of  9,739.
  Batch 1,250  of  9,739.
  Batch 1,300  of  9,739.
  Batch 1,350  of  9,739.
  Batch 1,400  of  9,739.
  Batch 1,450  of  9,739.
  Batch 1,500  of  9,739.
  Batch 1,550  of  9,739.
  Batch 1,600  of  9,739.
  Batch 1,650  of  9,739.
  Batch 1,700  of  9,739.
  Batch 1,750  of  9,739.
  Batch 1,800  of  9,739.
  Batch 1,850  of  9,739.
  Batch 1,900  of  9,739.
  Batch 1,950  of  9,739.
  Batch 2,000  of  9,739.
  Batch 2,050  of  9,739.
  Batch 2,100  of  9,739.
  Batch 2,150  of  9,739.
  Batch 2,200  of  9,739.
  Batch 2,250  of  9,739.
  Batch 2,300  of  9,739.
  Batch 2,350  of  9,739.
  Batch 2,400  of  9,739.
  Batch 2,450  of  9,739.
  Batch 2,500  of  9,739.
  Batch 2,550  of  9,739.
  Batch 2,600  of  9,739.
  Batch 2,650  of  9,739.
  Batch 2,700  of  9,739.
  Batch 2,750  of  9,739.
  Batch 2,800  of  9,739.
  Batch 2,850  of  9,739.
  Batch 2,900  of  9,739.
  Batch 2,950  of  9,739.
  Batch 3,000  of  9,739.
  Batch 3,050  of  9,739.
  Batch 3,100  of  9,739.
  Batch 3,150  of  9,739.
  Batch 3,200  of  9,739.
  Batch 3,250  of  9,739.
  Batch 3,300  of  9,739.
  Batch 3,350  of  9,739.
  Batch 3,400  of  9,739.
  Batch 3,450  of  9,739.
  Batch 3,500  of  9,739.
  Batch 3,550  of  9,739.
  Batch 3,600  of  9,739.
  Batch 3,650  of  9,739.
  Batch 3,700  of  9,739.
  Batch 3,750  of  9,739.
  Batch 3,800  of  9,739.
  Batch 3,850  of  9,739.
  Batch 3,900  of  9,739.
  Batch 3,950  of  9,739.
  Batch 4,000  of  9,739.
  Batch 4,050  of  9,739.
  Batch 4,100  of  9,739.
  Batch 4,150  of  9,739.
  Batch 4,200  of  9,739.
  Batch 4,250  of  9,739.
  Batch 4,300  of  9,739.
  Batch 4,350  of  9,739.
  Batch 4,400  of  9,739.
  Batch 4,450  of  9,739.
  Batch 4,500  of  9,739.
  Batch 4,550  of  9,739.
  Batch 4,600  of  9,739.
  Batch 4,650  of  9,739.
  Batch 4,700  of  9,739.
  Batch 4,750  of  9,739.
  Batch 4,800  of  9,739.
  Batch 4,850  of  9,739.
  Batch 4,900  of  9,739.
  Batch 4,950  of  9,739.
  Batch 5,000  of  9,739.
  Batch 5,050  of  9,739.
  Batch 5,100  of  9,739.
  Batch 5,150  of  9,739.
  Batch 5,200  of  9,739.
  Batch 5,250  of  9,739.
  Batch 5,300  of  9,739.
  Batch 5,350  of  9,739.
  Batch 5,400  of  9,739.
  Batch 5,450  of  9,739.
  Batch 5,500  of  9,739.
  Batch 5,550  of  9,739.
  Batch 5,600  of  9,739.
  Batch 5,650  of  9,739.
  Batch 5,700  of  9,739.
  Batch 5,750  of  9,739.
  Batch 5,800  of  9,739.
  Batch 5,850  of  9,739.
  Batch 5,900  of  9,739.
  Batch 5,950  of  9,739.
  Batch 6,000  of  9,739.
  Batch 6,050  of  9,739.
  Batch 6,100  of  9,739.
  Batch 6,150  of  9,739.
  Batch 6,200  of  9,739.
  Batch 6,250  of  9,739.
  Batch 6,300  of  9,739.
  Batch 6,350  of  9,739.
  Batch 6,400  of  9,739.
  Batch 6,450  of  9,739.
  Batch 6,500  of  9,739.
  Batch 6,550  of  9,739.
  Batch 6,600  of  9,739.
  Batch 6,650  of  9,739.
  Batch 6,700  of  9,739.
  Batch 6,750  of  9,739.
  Batch 6,800  of  9,739.
  Batch 6,850  of  9,739.
  Batch 6,900  of  9,739.
  Batch 6,950  of  9,739.
  Batch 7,000  of  9,739.
  Batch 7,050  of  9,739.
  Batch 7,100  of  9,739.
  Batch 7,150  of  9,739.
  Batch 7,200  of  9,739.
  Batch 7,250  of  9,739.
  Batch 7,300  of  9,739.
  Batch 7,350  of  9,739.
  Batch 7,400  of  9,739.
  Batch 7,450  of  9,739.
  Batch 7,500  of  9,739.
  Batch 7,550  of  9,739.
  Batch 7,600  of  9,739.
  Batch 7,650  of  9,739.
  Batch 7,700  of  9,739.
  Batch 7,750  of  9,739.
  Batch 7,800  of  9,739.
  Batch 7,850  of  9,739.
  Batch 7,900  of  9,739.
  Batch 7,950  of  9,739.
  Batch 8,000  of  9,739.
  Batch 8,050  of  9,739.
  Batch 8,100  of  9,739.
  Batch 8,150  of  9,739.
  Batch 8,200  of  9,739.
  Batch 8,250  of  9,739.
  Batch 8,300  of  9,739.
  Batch 8,350  of  9,739.
  Batch 8,400  of  9,739.
  Batch 8,450  of  9,739.
  Batch 8,500  of  9,739.
  Batch 8,550  of  9,739.
  Batch 8,600  of  9,739.
  Batch 8,650  of  9,739.
  Batch 8,700  of  9,739.
  Batch 8,750  of  9,739.
  Batch 8,800  of  9,739.
  Batch 8,850  of  9,739.
  Batch 8,900  of  9,739.
  Batch 8,950  of  9,739.
  Batch 9,000  of  9,739.
  Batch 9,050  of  9,739.
  Batch 9,100  of  9,739.
  Batch 9,150  of  9,739.
  Batch 9,200  of  9,739.
  Batch 9,250  of  9,739.
  Batch 9,300  of  9,739.
  Batch 9,350  of  9,739.
  Batch 9,400  of  9,739.
  Batch 9,450  of  9,739.
  Batch 9,500  of  9,739.
  Batch 9,550  of  9,739.
  Batch 9,600  of  9,739.
  Batch 9,650  of  9,739.
  Batch 9,700  of  9,739.

Evaluating...
  Batch    50  of  2,435.
  Batch   100  of  2,435.
  Batch   150  of  2,435.
  Batch   200  of  2,435.
  Batch   250  of  2,435.
  Batch   300  of  2,435.
  Batch   350  of  2,435.
  Batch   400  of  2,435.
  Batch   450  of  2,435.
  Batch   500  of  2,435.
  Batch   550  of  2,435.
  Batch   600  of  2,435.
  Batch   650  of  2,435.
  Batch   700  of  2,435.
  Batch   750  of  2,435.
  Batch   800  of  2,435.
  Batch   850  of  2,435.
  Batch   900  of  2,435.
  Batch   950  of  2,435.
  Batch 1,000  of  2,435.
  Batch 1,050  of  2,435.
  Batch 1,100  of  2,435.
  Batch 1,150  of  2,435.
  Batch 1,200  of  2,435.
  Batch 1,250  of  2,435.
  Batch 1,300  of  2,435.
  Batch 1,350  of  2,435.
  Batch 1,400  of  2,435.
  Batch 1,450  of  2,435.
  Batch 1,500  of  2,435.
  Batch 1,550  of  2,435.
  Batch 1,600  of  2,435.
  Batch 1,650  of  2,435.
  Batch 1,700  of  2,435.
  Batch 1,750  of  2,435.
  Batch 1,800  of  2,435.
  Batch 1,850  of  2,435.
  Batch 1,900  of  2,435.
  Batch 1,950  of  2,435.
  Batch 2,000  of  2,435.
  Batch 2,050  of  2,435.
  Batch 2,100  of  2,435.
  Batch 2,150  of  2,435.
  Batch 2,200  of  2,435.
  Batch 2,250  of  2,435.
  Batch 2,300  of  2,435.
  Batch 2,350  of  2,435.
  Batch 2,400  of  2,435.

Training Loss: 0.338
Validation Loss: 0.338

 Epoch 7 / 10
  Batch    50  of  9,739.
  Batch   100  of  9,739.
  Batch   150  of  9,739.
  Batch   200  of  9,739.
  Batch   250  of  9,739.
  Batch   300  of  9,739.
  Batch   350  of  9,739.
  Batch   400  of  9,739.
  Batch   450  of  9,739.
  Batch   500  of  9,739.
  Batch   550  of  9,739.
  Batch   600  of  9,739.
  Batch   650  of  9,739.
  Batch   700  of  9,739.
  Batch   750  of  9,739.
  Batch   800  of  9,739.
  Batch   850  of  9,739.
  Batch   900  of  9,739.
  Batch   950  of  9,739.
  Batch 1,000  of  9,739.
  Batch 1,050  of  9,739.
  Batch 1,100  of  9,739.
  Batch 1,150  of  9,739.
  Batch 1,200  of  9,739.
  Batch 1,250  of  9,739.
  Batch 1,300  of  9,739.
  Batch 1,350  of  9,739.
  Batch 1,400  of  9,739.
  Batch 1,450  of  9,739.
  Batch 1,500  of  9,739.
  Batch 1,550  of  9,739.
  Batch 1,600  of  9,739.
  Batch 1,650  of  9,739.
  Batch 1,700  of  9,739.
  Batch 1,750  of  9,739.
  Batch 1,800  of  9,739.
  Batch 1,850  of  9,739.
  Batch 1,900  of  9,739.
  Batch 1,950  of  9,739.
  Batch 2,000  of  9,739.
  Batch 2,050  of  9,739.
  Batch 2,100  of  9,739.
  Batch 2,150  of  9,739.
  Batch 2,200  of  9,739.
  Batch 2,250  of  9,739.
  Batch 2,300  of  9,739.
  Batch 2,350  of  9,739.
  Batch 2,400  of  9,739.
  Batch 2,450  of  9,739.
  Batch 2,500  of  9,739.
  Batch 2,550  of  9,739.
  Batch 2,600  of  9,739.
  Batch 2,650  of  9,739.
  Batch 2,700  of  9,739.
  Batch 2,750  of  9,739.
  Batch 2,800  of  9,739.
  Batch 2,850  of  9,739.
  Batch 2,900  of  9,739.
  Batch 2,950  of  9,739.
  Batch 3,000  of  9,739.
  Batch 3,050  of  9,739.
  Batch 3,100  of  9,739.
  Batch 3,150  of  9,739.
  Batch 3,200  of  9,739.
  Batch 3,250  of  9,739.
  Batch 3,300  of  9,739.
  Batch 3,350  of  9,739.
  Batch 3,400  of  9,739.
  Batch 3,450  of  9,739.
  Batch 3,500  of  9,739.
  Batch 3,550  of  9,739.
  Batch 3,600  of  9,739.
  Batch 3,650  of  9,739.
  Batch 3,700  of  9,739.
  Batch 3,750  of  9,739.
  Batch 3,800  of  9,739.
  Batch 3,850  of  9,739.
  Batch 3,900  of  9,739.
  Batch 3,950  of  9,739.
  Batch 4,000  of  9,739.
  Batch 4,050  of  9,739.
  Batch 4,100  of  9,739.
  Batch 4,150  of  9,739.
  Batch 4,200  of  9,739.
  Batch 4,250  of  9,739.
  Batch 4,300  of  9,739.
  Batch 4,350  of  9,739.
  Batch 4,400  of  9,739.
  Batch 4,450  of  9,739.
  Batch 4,500  of  9,739.
  Batch 4,550  of  9,739.
  Batch 4,600  of  9,739.
  Batch 4,650  of  9,739.
  Batch 4,700  of  9,739.
  Batch 4,750  of  9,739.
  Batch 4,800  of  9,739.
  Batch 4,850  of  9,739.
  Batch 4,900  of  9,739.
  Batch 4,950  of  9,739.
  Batch 5,000  of  9,739.
  Batch 5,050  of  9,739.
  Batch 5,100  of  9,739.
  Batch 5,150  of  9,739.
  Batch 5,200  of  9,739.
  Batch 5,250  of  9,739.
  Batch 5,300  of  9,739.
  Batch 5,350  of  9,739.
  Batch 5,400  of  9,739.
  Batch 5,450  of  9,739.
  Batch 5,500  of  9,739.
  Batch 5,550  of  9,739.
  Batch 5,600  of  9,739.
  Batch 5,650  of  9,739.
  Batch 5,700  of  9,739.
  Batch 5,750  of  9,739.
  Batch 5,800  of  9,739.
  Batch 5,850  of  9,739.
  Batch 5,900  of  9,739.
  Batch 5,950  of  9,739.
  Batch 6,000  of  9,739.
  Batch 6,050  of  9,739.
  Batch 6,100  of  9,739.
  Batch 6,150  of  9,739.
  Batch 6,200  of  9,739.
  Batch 6,250  of  9,739.
  Batch 6,300  of  9,739.
  Batch 6,350  of  9,739.
  Batch 6,400  of  9,739.
  Batch 6,450  of  9,739.
  Batch 6,500  of  9,739.
  Batch 6,550  of  9,739.
  Batch 6,600  of  9,739.
  Batch 6,650  of  9,739.
  Batch 6,700  of  9,739.
  Batch 6,750  of  9,739.
  Batch 6,800  of  9,739.
  Batch 6,850  of  9,739.
  Batch 6,900  of  9,739.
  Batch 6,950  of  9,739.
  Batch 7,000  of  9,739.
  Batch 7,050  of  9,739.
  Batch 7,100  of  9,739.
  Batch 7,150  of  9,739.
  Batch 7,200  of  9,739.
  Batch 7,250  of  9,739.
  Batch 7,300  of  9,739.
  Batch 7,350  of  9,739.
  Batch 7,400  of  9,739.
  Batch 7,450  of  9,739.
  Batch 7,500  of  9,739.
  Batch 7,550  of  9,739.
  Batch 7,600  of  9,739.
  Batch 7,650  of  9,739.
  Batch 7,700  of  9,739.
  Batch 7,750  of  9,739.
  Batch 7,800  of  9,739.
  Batch 7,850  of  9,739.
  Batch 7,900  of  9,739.
  Batch 7,950  of  9,739.
  Batch 8,000  of  9,739.
  Batch 8,050  of  9,739.
  Batch 8,100  of  9,739.
  Batch 8,150  of  9,739.
  Batch 8,200  of  9,739.
  Batch 8,250  of  9,739.
  Batch 8,300  of  9,739.
  Batch 8,350  of  9,739.
  Batch 8,400  of  9,739.
  Batch 8,450  of  9,739.
  Batch 8,500  of  9,739.
  Batch 8,550  of  9,739.
  Batch 8,600  of  9,739.
  Batch 8,650  of  9,739.
  Batch 8,700  of  9,739.
  Batch 8,750  of  9,739.
  Batch 8,800  of  9,739.
  Batch 8,850  of  9,739.
  Batch 8,900  of  9,739.
  Batch 8,950  of  9,739.
  Batch 9,000  of  9,739.
  Batch 9,050  of  9,739.
  Batch 9,100  of  9,739.
  Batch 9,150  of  9,739.
  Batch 9,200  of  9,739.
  Batch 9,250  of  9,739.
  Batch 9,300  of  9,739.
  Batch 9,350  of  9,739.
  Batch 9,400  of  9,739.
  Batch 9,450  of  9,739.
  Batch 9,500  of  9,739.
  Batch 9,550  of  9,739.
  Batch 9,600  of  9,739.
  Batch 9,650  of  9,739.
  Batch 9,700  of  9,739.

Evaluating...
  Batch    50  of  2,435.
  Batch   100  of  2,435.
  Batch   150  of  2,435.
  Batch   200  of  2,435.
  Batch   250  of  2,435.
  Batch   300  of  2,435.
  Batch   350  of  2,435.
  Batch   400  of  2,435.
  Batch   450  of  2,435.
  Batch   500  of  2,435.
  Batch   550  of  2,435.
  Batch   600  of  2,435.
  Batch   650  of  2,435.
  Batch   700  of  2,435.
  Batch   750  of  2,435.
  Batch   800  of  2,435.
  Batch   850  of  2,435.
  Batch   900  of  2,435.
  Batch   950  of  2,435.
  Batch 1,000  of  2,435.
  Batch 1,050  of  2,435.
  Batch 1,100  of  2,435.
  Batch 1,150  of  2,435.
  Batch 1,200  of  2,435.
  Batch 1,250  of  2,435.
  Batch 1,300  of  2,435.
  Batch 1,350  of  2,435.
  Batch 1,400  of  2,435.
  Batch 1,450  of  2,435.
  Batch 1,500  of  2,435.
  Batch 1,550  of  2,435.
  Batch 1,600  of  2,435.
  Batch 1,650  of  2,435.
  Batch 1,700  of  2,435.
  Batch 1,750  of  2,435.
  Batch 1,800  of  2,435.
  Batch 1,850  of  2,435.
  Batch 1,900  of  2,435.
  Batch 1,950  of  2,435.
  Batch 2,000  of  2,435.
  Batch 2,050  of  2,435.
  Batch 2,100  of  2,435.
  Batch 2,150  of  2,435.
  Batch 2,200  of  2,435.
  Batch 2,250  of  2,435.
  Batch 2,300  of  2,435.
  Batch 2,350  of  2,435.
  Batch 2,400  of  2,435.

Training Loss: 0.338
Validation Loss: 0.337

 Epoch 8 / 10
  Batch    50  of  9,739.
  Batch   100  of  9,739.
  Batch   150  of  9,739.
  Batch   200  of  9,739.
  Batch   250  of  9,739.
  Batch   300  of  9,739.
  Batch   350  of  9,739.
  Batch   400  of  9,739.
  Batch   450  of  9,739.
  Batch   500  of  9,739.
  Batch   550  of  9,739.
  Batch   600  of  9,739.
  Batch   650  of  9,739.
  Batch   700  of  9,739.
  Batch   750  of  9,739.
  Batch   800  of  9,739.
  Batch   850  of  9,739.
  Batch   900  of  9,739.
  Batch   950  of  9,739.
  Batch 1,000  of  9,739.
  Batch 1,050  of  9,739.
  Batch 1,100  of  9,739.
  Batch 1,150  of  9,739.
  Batch 1,200  of  9,739.
  Batch 1,250  of  9,739.
  Batch 1,300  of  9,739.
  Batch 1,350  of  9,739.
  Batch 1,400  of  9,739.
  Batch 1,450  of  9,739.
  Batch 1,500  of  9,739.
  Batch 1,550  of  9,739.
  Batch 1,600  of  9,739.
  Batch 1,650  of  9,739.
  Batch 1,700  of  9,739.
  Batch 1,750  of  9,739.
  Batch 1,800  of  9,739.
  Batch 1,850  of  9,739.
  Batch 1,900  of  9,739.
  Batch 1,950  of  9,739.
  Batch 2,000  of  9,739.
  Batch 2,050  of  9,739.
  Batch 2,100  of  9,739.
  Batch 2,150  of  9,739.
  Batch 2,200  of  9,739.
  Batch 2,250  of  9,739.
  Batch 2,300  of  9,739.
  Batch 2,350  of  9,739.
  Batch 2,400  of  9,739.
  Batch 2,450  of  9,739.
  Batch 2,500  of  9,739.
  Batch 2,550  of  9,739.
  Batch 2,600  of  9,739.
  Batch 2,650  of  9,739.
  Batch 2,700  of  9,739.
  Batch 2,750  of  9,739.
  Batch 2,800  of  9,739.
  Batch 2,850  of  9,739.
  Batch 2,900  of  9,739.
  Batch 2,950  of  9,739.
  Batch 3,000  of  9,739.
  Batch 3,050  of  9,739.
  Batch 3,100  of  9,739.
  Batch 3,150  of  9,739.
  Batch 3,200  of  9,739.
  Batch 3,250  of  9,739.
  Batch 3,300  of  9,739.
  Batch 3,350  of  9,739.
  Batch 3,400  of  9,739.
  Batch 3,450  of  9,739.
  Batch 3,500  of  9,739.
  Batch 3,550  of  9,739.
  Batch 3,600  of  9,739.
  Batch 3,650  of  9,739.
  Batch 3,700  of  9,739.
  Batch 3,750  of  9,739.
  Batch 3,800  of  9,739.
  Batch 3,850  of  9,739.
  Batch 3,900  of  9,739.
  Batch 3,950  of  9,739.
  Batch 4,000  of  9,739.
  Batch 4,050  of  9,739.
  Batch 4,100  of  9,739.
  Batch 4,150  of  9,739.
  Batch 4,200  of  9,739.
  Batch 4,250  of  9,739.
  Batch 4,300  of  9,739.
  Batch 4,350  of  9,739.
  Batch 4,400  of  9,739.
  Batch 4,450  of  9,739.
  Batch 4,500  of  9,739.
  Batch 4,550  of  9,739.
  Batch 4,600  of  9,739.
  Batch 4,650  of  9,739.
  Batch 4,700  of  9,739.
  Batch 4,750  of  9,739.
  Batch 4,800  of  9,739.
  Batch 4,850  of  9,739.
  Batch 4,900  of  9,739.
  Batch 4,950  of  9,739.
  Batch 5,000  of  9,739.
  Batch 5,050  of  9,739.
  Batch 5,100  of  9,739.
  Batch 5,150  of  9,739.
  Batch 5,200  of  9,739.
  Batch 5,250  of  9,739.
  Batch 5,300  of  9,739.
  Batch 5,350  of  9,739.
  Batch 5,400  of  9,739.
  Batch 5,450  of  9,739.
  Batch 5,500  of  9,739.
  Batch 5,550  of  9,739.
  Batch 5,600  of  9,739.
  Batch 5,650  of  9,739.
  Batch 5,700  of  9,739.
  Batch 5,750  of  9,739.
  Batch 5,800  of  9,739.
  Batch 5,850  of  9,739.
  Batch 5,900  of  9,739.
  Batch 5,950  of  9,739.
  Batch 6,000  of  9,739.
  Batch 6,050  of  9,739.
  Batch 6,100  of  9,739.
  Batch 6,150  of  9,739.
  Batch 6,200  of  9,739.
  Batch 6,250  of  9,739.
  Batch 6,300  of  9,739.
  Batch 6,350  of  9,739.
  Batch 6,400  of  9,739.
  Batch 6,450  of  9,739.
  Batch 6,500  of  9,739.
  Batch 6,550  of  9,739.
  Batch 6,600  of  9,739.
  Batch 6,650  of  9,739.
  Batch 6,700  of  9,739.
  Batch 6,750  of  9,739.
  Batch 6,800  of  9,739.
  Batch 6,850  of  9,739.
  Batch 6,900  of  9,739.
  Batch 6,950  of  9,739.
  Batch 7,000  of  9,739.
  Batch 7,050  of  9,739.
  Batch 7,100  of  9,739.
  Batch 7,150  of  9,739.
  Batch 7,200  of  9,739.
  Batch 7,250  of  9,739.
  Batch 7,300  of  9,739.
  Batch 7,350  of  9,739.
  Batch 7,400  of  9,739.
  Batch 7,450  of  9,739.
  Batch 7,500  of  9,739.
  Batch 7,550  of  9,739.
  Batch 7,600  of  9,739.
  Batch 7,650  of  9,739.
  Batch 7,700  of  9,739.
  Batch 7,750  of  9,739.
  Batch 7,800  of  9,739.
  Batch 7,850  of  9,739.
  Batch 7,900  of  9,739.
  Batch 7,950  of  9,739.
  Batch 8,000  of  9,739.
  Batch 8,050  of  9,739.
  Batch 8,100  of  9,739.
  Batch 8,150  of  9,739.
  Batch 8,200  of  9,739.
  Batch 8,250  of  9,739.
  Batch 8,300  of  9,739.
  Batch 8,350  of  9,739.
  Batch 8,400  of  9,739.
  Batch 8,450  of  9,739.
  Batch 8,500  of  9,739.
  Batch 8,550  of  9,739.
  Batch 8,600  of  9,739.
  Batch 8,650  of  9,739.
  Batch 8,700  of  9,739.
  Batch 8,750  of  9,739.
  Batch 8,800  of  9,739.
  Batch 8,850  of  9,739.
  Batch 8,900  of  9,739.
  Batch 8,950  of  9,739.
  Batch 9,000  of  9,739.
  Batch 9,050  of  9,739.
  Batch 9,100  of  9,739.
  Batch 9,150  of  9,739.
  Batch 9,200  of  9,739.
  Batch 9,250  of  9,739.
  Batch 9,300  of  9,739.
  Batch 9,350  of  9,739.
  Batch 9,400  of  9,739.
  Batch 9,450  of  9,739.
  Batch 9,500  of  9,739.
  Batch 9,550  of  9,739.
  Batch 9,600  of  9,739.
  Batch 9,650  of  9,739.
  Batch 9,700  of  9,739.

Evaluating...
  Batch    50  of  2,435.
  Batch   100  of  2,435.
  Batch   150  of  2,435.
  Batch   200  of  2,435.
  Batch   250  of  2,435.
  Batch   300  of  2,435.
  Batch   350  of  2,435.
  Batch   400  of  2,435.
  Batch   450  of  2,435.
  Batch   500  of  2,435.
  Batch   550  of  2,435.
  Batch   600  of  2,435.
  Batch   650  of  2,435.
  Batch   700  of  2,435.
  Batch   750  of  2,435.
  Batch   800  of  2,435.
  Batch   850  of  2,435.
  Batch   900  of  2,435.
  Batch   950  of  2,435.
  Batch 1,000  of  2,435.
  Batch 1,050  of  2,435.
  Batch 1,100  of  2,435.
  Batch 1,150  of  2,435.
  Batch 1,200  of  2,435.
  Batch 1,250  of  2,435.
  Batch 1,300  of  2,435.
  Batch 1,350  of  2,435.
  Batch 1,400  of  2,435.
  Batch 1,450  of  2,435.
  Batch 1,500  of  2,435.
  Batch 1,550  of  2,435.
  Batch 1,600  of  2,435.
  Batch 1,650  of  2,435.
  Batch 1,700  of  2,435.
  Batch 1,750  of  2,435.
  Batch 1,800  of  2,435.
  Batch 1,850  of  2,435.
  Batch 1,900  of  2,435.
  Batch 1,950  of  2,435.
  Batch 2,000  of  2,435.
  Batch 2,050  of  2,435.
  Batch 2,100  of  2,435.
  Batch 2,150  of  2,435.
  Batch 2,200  of  2,435.
  Batch 2,250  of  2,435.
  Batch 2,300  of  2,435.
  Batch 2,350  of  2,435.
  Batch 2,400  of  2,435.

Training Loss: 0.337
Validation Loss: 0.337

 Epoch 9 / 10
  Batch    50  of  9,739.
  Batch   100  of  9,739.
  Batch   150  of  9,739.
  Batch   200  of  9,739.
  Batch   250  of  9,739.
  Batch   300  of  9,739.
  Batch   350  of  9,739.
  Batch   400  of  9,739.
  Batch   450  of  9,739.
  Batch   500  of  9,739.
  Batch   550  of  9,739.
  Batch   600  of  9,739.
  Batch   650  of  9,739.
  Batch   700  of  9,739.
  Batch   750  of  9,739.
  Batch   800  of  9,739.
  Batch   850  of  9,739.
  Batch   900  of  9,739.
  Batch   950  of  9,739.
  Batch 1,000  of  9,739.
  Batch 1,050  of  9,739.
  Batch 1,100  of  9,739.
  Batch 1,150  of  9,739.
  Batch 1,200  of  9,739.
  Batch 1,250  of  9,739.
  Batch 1,300  of  9,739.
  Batch 1,350  of  9,739.
  Batch 1,400  of  9,739.
  Batch 1,450  of  9,739.
  Batch 1,500  of  9,739.
  Batch 1,550  of  9,739.
  Batch 1,600  of  9,739.
  Batch 1,650  of  9,739.
  Batch 1,700  of  9,739.
  Batch 1,750  of  9,739.
  Batch 1,800  of  9,739.
  Batch 1,850  of  9,739.
  Batch 1,900  of  9,739.
  Batch 1,950  of  9,739.
  Batch 2,000  of  9,739.
  Batch 2,050  of  9,739.
  Batch 2,100  of  9,739.
  Batch 2,150  of  9,739.
  Batch 2,200  of  9,739.
  Batch 2,250  of  9,739.
  Batch 2,300  of  9,739.
  Batch 2,350  of  9,739.
  Batch 2,400  of  9,739.
  Batch 2,450  of  9,739.
  Batch 2,500  of  9,739.
  Batch 2,550  of  9,739.
  Batch 2,600  of  9,739.
  Batch 2,650  of  9,739.
  Batch 2,700  of  9,739.
  Batch 2,750  of  9,739.
  Batch 2,800  of  9,739.
  Batch 2,850  of  9,739.
  Batch 2,900  of  9,739.
  Batch 2,950  of  9,739.
  Batch 3,000  of  9,739.
  Batch 3,050  of  9,739.
  Batch 3,100  of  9,739.
  Batch 3,150  of  9,739.
  Batch 3,200  of  9,739.
  Batch 3,250  of  9,739.
  Batch 3,300  of  9,739.
  Batch 3,350  of  9,739.
  Batch 3,400  of  9,739.
  Batch 3,450  of  9,739.
  Batch 3,500  of  9,739.
  Batch 3,550  of  9,739.
  Batch 3,600  of  9,739.
  Batch 3,650  of  9,739.
  Batch 3,700  of  9,739.
  Batch 3,750  of  9,739.
  Batch 3,800  of  9,739.
  Batch 3,850  of  9,739.
  Batch 3,900  of  9,739.
  Batch 3,950  of  9,739.
  Batch 4,000  of  9,739.
  Batch 4,050  of  9,739.
  Batch 4,100  of  9,739.
  Batch 4,150  of  9,739.
  Batch 4,200  of  9,739.
  Batch 4,250  of  9,739.
  Batch 4,300  of  9,739.
  Batch 4,350  of  9,739.
  Batch 4,400  of  9,739.
  Batch 4,450  of  9,739.
  Batch 4,500  of  9,739.
  Batch 4,550  of  9,739.
  Batch 4,600  of  9,739.
  Batch 4,650  of  9,739.
  Batch 4,700  of  9,739.
  Batch 4,750  of  9,739.
  Batch 4,800  of  9,739.
  Batch 4,850  of  9,739.
  Batch 4,900  of  9,739.
  Batch 4,950  of  9,739.
  Batch 5,000  of  9,739.
  Batch 5,050  of  9,739.
  Batch 5,100  of  9,739.
  Batch 5,150  of  9,739.
  Batch 5,200  of  9,739.
  Batch 5,250  of  9,739.
  Batch 5,300  of  9,739.
  Batch 5,350  of  9,739.
  Batch 5,400  of  9,739.
  Batch 5,450  of  9,739.
  Batch 5,500  of  9,739.
  Batch 5,550  of  9,739.
  Batch 5,600  of  9,739.
  Batch 5,650  of  9,739.
  Batch 5,700  of  9,739.
  Batch 5,750  of  9,739.
  Batch 5,800  of  9,739.
  Batch 5,850  of  9,739.
  Batch 5,900  of  9,739.
  Batch 5,950  of  9,739.
  Batch 6,000  of  9,739.
  Batch 6,050  of  9,739.
  Batch 6,100  of  9,739.
  Batch 6,150  of  9,739.
  Batch 6,200  of  9,739.
  Batch 6,250  of  9,739.
  Batch 6,300  of  9,739.
  Batch 6,350  of  9,739.
  Batch 6,400  of  9,739.
  Batch 6,450  of  9,739.
  Batch 6,500  of  9,739.
  Batch 6,550  of  9,739.
  Batch 6,600  of  9,739.
  Batch 6,650  of  9,739.
  Batch 6,700  of  9,739.
  Batch 6,750  of  9,739.
  Batch 6,800  of  9,739.
  Batch 6,850  of  9,739.
  Batch 6,900  of  9,739.
  Batch 6,950  of  9,739.
  Batch 7,000  of  9,739.
  Batch 7,050  of  9,739.
  Batch 7,100  of  9,739.
  Batch 7,150  of  9,739.
  Batch 7,200  of  9,739.
  Batch 7,250  of  9,739.
  Batch 7,300  of  9,739.
  Batch 7,350  of  9,739.
  Batch 7,400  of  9,739.
  Batch 7,450  of  9,739.
  Batch 7,500  of  9,739.
  Batch 7,550  of  9,739.
  Batch 7,600  of  9,739.
  Batch 7,650  of  9,739.
  Batch 7,700  of  9,739.
  Batch 7,750  of  9,739.
  Batch 7,800  of  9,739.
  Batch 7,850  of  9,739.
  Batch 7,900  of  9,739.
  Batch 7,950  of  9,739.
  Batch 8,000  of  9,739.
  Batch 8,050  of  9,739.
  Batch 8,100  of  9,739.
  Batch 8,150  of  9,739.
  Batch 8,200  of  9,739.
  Batch 8,250  of  9,739.
  Batch 8,300  of  9,739.
  Batch 8,350  of  9,739.
  Batch 8,400  of  9,739.
  Batch 8,450  of  9,739.
  Batch 8,500  of  9,739.
  Batch 8,550  of  9,739.
  Batch 8,600  of  9,739.
  Batch 8,650  of  9,739.
  Batch 8,700  of  9,739.
  Batch 8,750  of  9,739.
  Batch 8,800  of  9,739.
  Batch 8,850  of  9,739.
  Batch 8,900  of  9,739.
  Batch 8,950  of  9,739.
  Batch 9,000  of  9,739.
  Batch 9,050  of  9,739.
  Batch 9,100  of  9,739.
  Batch 9,150  of  9,739.
  Batch 9,200  of  9,739.
  Batch 9,250  of  9,739.
  Batch 9,300  of  9,739.
  Batch 9,350  of  9,739.
  Batch 9,400  of  9,739.
  Batch 9,450  of  9,739.
  Batch 9,500  of  9,739.
  Batch 9,550  of  9,739.
  Batch 9,600  of  9,739.
  Batch 9,650  of  9,739.
  Batch 9,700  of  9,739.

Evaluating...
  Batch    50  of  2,435.
  Batch   100  of  2,435.
  Batch   150  of  2,435.
  Batch   200  of  2,435.
  Batch   250  of  2,435.
  Batch   300  of  2,435.
  Batch   350  of  2,435.
  Batch   400  of  2,435.
  Batch   450  of  2,435.
  Batch   500  of  2,435.
  Batch   550  of  2,435.
  Batch   600  of  2,435.
  Batch   650  of  2,435.
  Batch   700  of  2,435.
  Batch   750  of  2,435.
  Batch   800  of  2,435.
  Batch   850  of  2,435.
  Batch   900  of  2,435.
  Batch   950  of  2,435.
  Batch 1,000  of  2,435.
  Batch 1,050  of  2,435.
  Batch 1,100  of  2,435.
  Batch 1,150  of  2,435.
  Batch 1,200  of  2,435.
  Batch 1,250  of  2,435.
  Batch 1,300  of  2,435.
  Batch 1,350  of  2,435.
  Batch 1,400  of  2,435.
  Batch 1,450  of  2,435.
  Batch 1,500  of  2,435.
  Batch 1,550  of  2,435.
  Batch 1,600  of  2,435.
  Batch 1,650  of  2,435.
  Batch 1,700  of  2,435.
  Batch 1,750  of  2,435.
  Batch 1,800  of  2,435.
  Batch 1,850  of  2,435.
  Batch 1,900  of  2,435.
  Batch 1,950  of  2,435.
  Batch 2,000  of  2,435.
  Batch 2,050  of  2,435.
  Batch 2,100  of  2,435.
  Batch 2,150  of  2,435.
  Batch 2,200  of  2,435.
  Batch 2,250  of  2,435.
  Batch 2,300  of  2,435.
  Batch 2,350  of  2,435.
  Batch 2,400  of  2,435.

Training Loss: 0.337
Validation Loss: 0.336

 Epoch 10 / 10
  Batch    50  of  9,739.
  Batch   100  of  9,739.
  Batch   150  of  9,739.
  Batch   200  of  9,739.
  Batch   250  of  9,739.
  Batch   300  of  9,739.
  Batch   350  of  9,739.
  Batch   400  of  9,739.
  Batch   450  of  9,739.
  Batch   500  of  9,739.
  Batch   550  of  9,739.
  Batch   600  of  9,739.
  Batch   650  of  9,739.
  Batch   700  of  9,739.
  Batch   750  of  9,739.
  Batch   800  of  9,739.
  Batch   850  of  9,739.
  Batch   900  of  9,739.
  Batch   950  of  9,739.
  Batch 1,000  of  9,739.
  Batch 1,050  of  9,739.
  Batch 1,100  of  9,739.
  Batch 1,150  of  9,739.
  Batch 1,200  of  9,739.
  Batch 1,250  of  9,739.
  Batch 1,300  of  9,739.
  Batch 1,350  of  9,739.
  Batch 1,400  of  9,739.
  Batch 1,450  of  9,739.
  Batch 1,500  of  9,739.
  Batch 1,550  of  9,739.
  Batch 1,600  of  9,739.
  Batch 1,650  of  9,739.
  Batch 1,700  of  9,739.
  Batch 1,750  of  9,739.
  Batch 1,800  of  9,739.
  Batch 1,850  of  9,739.
  Batch 1,900  of  9,739.
  Batch 1,950  of  9,739.
  Batch 2,000  of  9,739.
  Batch 2,050  of  9,739.
  Batch 2,100  of  9,739.
  Batch 2,150  of  9,739.
  Batch 2,200  of  9,739.
  Batch 2,250  of  9,739.
  Batch 2,300  of  9,739.
  Batch 2,350  of  9,739.
  Batch 2,400  of  9,739.
  Batch 2,450  of  9,739.
  Batch 2,500  of  9,739.
  Batch 2,550  of  9,739.
  Batch 2,600  of  9,739.
  Batch 2,650  of  9,739.
  Batch 2,700  of  9,739.
  Batch 2,750  of  9,739.
  Batch 2,800  of  9,739.
  Batch 2,850  of  9,739.
  Batch 2,900  of  9,739.
  Batch 2,950  of  9,739.
  Batch 3,000  of  9,739.
  Batch 3,050  of  9,739.
  Batch 3,100  of  9,739.
  Batch 3,150  of  9,739.
  Batch 3,200  of  9,739.
  Batch 3,250  of  9,739.
  Batch 3,300  of  9,739.
  Batch 3,350  of  9,739.
  Batch 3,400  of  9,739.
  Batch 3,450  of  9,739.
  Batch 3,500  of  9,739.
  Batch 3,550  of  9,739.
  Batch 3,600  of  9,739.
  Batch 3,650  of  9,739.
  Batch 3,700  of  9,739.
  Batch 3,750  of  9,739.
  Batch 3,800  of  9,739.
  Batch 3,850  of  9,739.
  Batch 3,900  of  9,739.
  Batch 3,950  of  9,739.
  Batch 4,000  of  9,739.
  Batch 4,050  of  9,739.
  Batch 4,100  of  9,739.
  Batch 4,150  of  9,739.
  Batch 4,200  of  9,739.
  Batch 4,250  of  9,739.
  Batch 4,300  of  9,739.
  Batch 4,350  of  9,739.
  Batch 4,400  of  9,739.
  Batch 4,450  of  9,739.
  Batch 4,500  of  9,739.
  Batch 4,550  of  9,739.
  Batch 4,600  of  9,739.
  Batch 4,650  of  9,739.
  Batch 4,700  of  9,739.
  Batch 4,750  of  9,739.
  Batch 4,800  of  9,739.
  Batch 4,850  of  9,739.
  Batch 4,900  of  9,739.
  Batch 4,950  of  9,739.
  Batch 5,000  of  9,739.
  Batch 5,050  of  9,739.
  Batch 5,100  of  9,739.
  Batch 5,150  of  9,739.
  Batch 5,200  of  9,739.
  Batch 5,250  of  9,739.
  Batch 5,300  of  9,739.
  Batch 5,350  of  9,739.
  Batch 5,400  of  9,739.
  Batch 5,450  of  9,739.
  Batch 5,500  of  9,739.
  Batch 5,550  of  9,739.
  Batch 5,600  of  9,739.
  Batch 5,650  of  9,739.
  Batch 5,700  of  9,739.
  Batch 5,750  of  9,739.
  Batch 5,800  of  9,739.
  Batch 5,850  of  9,739.
  Batch 5,900  of  9,739.
  Batch 5,950  of  9,739.
  Batch 6,000  of  9,739.
  Batch 6,050  of  9,739.
  Batch 6,100  of  9,739.
  Batch 6,150  of  9,739.
  Batch 6,200  of  9,739.
  Batch 6,250  of  9,739.
  Batch 6,300  of  9,739.
  Batch 6,350  of  9,739.
  Batch 6,400  of  9,739.
  Batch 6,450  of  9,739.
  Batch 6,500  of  9,739.
  Batch 6,550  of  9,739.
  Batch 6,600  of  9,739.
  Batch 6,650  of  9,739.
  Batch 6,700  of  9,739.
  Batch 6,750  of  9,739.
  Batch 6,800  of  9,739.
  Batch 6,850  of  9,739.
  Batch 6,900  of  9,739.
  Batch 6,950  of  9,739.
  Batch 7,000  of  9,739.
  Batch 7,050  of  9,739.
  Batch 7,100  of  9,739.
  Batch 7,150  of  9,739.
  Batch 7,200  of  9,739.
  Batch 7,250  of  9,739.
  Batch 7,300  of  9,739.
  Batch 7,350  of  9,739.
  Batch 7,400  of  9,739.
  Batch 7,450  of  9,739.
  Batch 7,500  of  9,739.
  Batch 7,550  of  9,739.
  Batch 7,600  of  9,739.
  Batch 7,650  of  9,739.
  Batch 7,700  of  9,739.
  Batch 7,750  of  9,739.
  Batch 7,800  of  9,739.
  Batch 7,850  of  9,739.
  Batch 7,900  of  9,739.
  Batch 7,950  of  9,739.
  Batch 8,000  of  9,739.
  Batch 8,050  of  9,739.
  Batch 8,100  of  9,739.
  Batch 8,150  of  9,739.
  Batch 8,200  of  9,739.
  Batch 8,250  of  9,739.
  Batch 8,300  of  9,739.
  Batch 8,350  of  9,739.
  Batch 8,400  of  9,739.
  Batch 8,450  of  9,739.
  Batch 8,500  of  9,739.
  Batch 8,550  of  9,739.
  Batch 8,600  of  9,739.
  Batch 8,650  of  9,739.
  Batch 8,700  of  9,739.
  Batch 8,750  of  9,739.
  Batch 8,800  of  9,739.
  Batch 8,850  of  9,739.
  Batch 8,900  of  9,739.
  Batch 8,950  of  9,739.
  Batch 9,000  of  9,739.
  Batch 9,050  of  9,739.
  Batch 9,100  of  9,739.
  Batch 9,150  of  9,739.
  Batch 9,200  of  9,739.
  Batch 9,250  of  9,739.
  Batch 9,300  of  9,739.
  Batch 9,350  of  9,739.
  Batch 9,400  of  9,739.
  Batch 9,450  of  9,739.
  Batch 9,500  of  9,739.
  Batch 9,550  of  9,739.
  Batch 9,600  of  9,739.
  Batch 9,650  of  9,739.
  Batch 9,700  of  9,739.

Evaluating...
  Batch    50  of  2,435.
  Batch   100  of  2,435.
  Batch   150  of  2,435.
  Batch   200  of  2,435.
  Batch   250  of  2,435.
  Batch   300  of  2,435.
  Batch   350  of  2,435.
  Batch   400  of  2,435.
  Batch   450  of  2,435.
  Batch   500  of  2,435.
  Batch   550  of  2,435.
  Batch   600  of  2,435.
  Batch   650  of  2,435.
  Batch   700  of  2,435.
  Batch   750  of  2,435.
  Batch   800  of  2,435.
  Batch   850  of  2,435.
  Batch   900  of  2,435.
  Batch   950  of  2,435.
  Batch 1,000  of  2,435.
  Batch 1,050  of  2,435.
  Batch 1,100  of  2,435.
  Batch 1,150  of  2,435.
  Batch 1,200  of  2,435.
  Batch 1,250  of  2,435.
  Batch 1,300  of  2,435.
  Batch 1,350  of  2,435.
  Batch 1,400  of  2,435.
  Batch 1,450  of  2,435.
  Batch 1,500  of  2,435.
  Batch 1,550  of  2,435.
  Batch 1,600  of  2,435.
  Batch 1,650  of  2,435.
  Batch 1,700  of  2,435.
  Batch 1,750  of  2,435.
  Batch 1,800  of  2,435.
  Batch 1,850  of  2,435.
  Batch 1,900  of  2,435.
  Batch 1,950  of  2,435.
  Batch 2,000  of  2,435.
  Batch 2,050  of  2,435.
  Batch 2,100  of  2,435.
  Batch 2,150  of  2,435.
  Batch 2,200  of  2,435.
  Batch 2,250  of  2,435.
  Batch 2,300  of  2,435.
  Batch 2,350  of  2,435.
  Batch 2,400  of  2,435.

Training Loss: 0.336
Validation Loss: 0.336
Best Validation Loss: 0.336
done.
