starting ...
Starting ...
Total train: 106920
69982                        Made a world of difference! :)
21123     I'm trying to eat about 1200 to 1300 calories ...
66665     Make it very similarly to apple sauce, but you...
111494    I saw that as well. I think for now I'll just ...
130915    I've thought about seeing someone, but I'm rea...
Name: texts, dtype: object
Total validation: 26730
44840     I've thought about seeing someone, but I'm rea...
96456     I really liked it with the goat cheese. I actu...
106476    Have you had any negative side effects from ta...
64873             Could you explain this pumpkin ice cream?
129826    I got glasses for the first time in 2nd grade ...
Name: texts, dtype: object

 Epoch 1 / 10
  Batch    50  of  3,342.
  Batch   100  of  3,342.
  Batch   150  of  3,342.
  Batch   200  of  3,342.
  Batch   250  of  3,342.
  Batch   300  of  3,342.
  Batch   350  of  3,342.
  Batch   400  of  3,342.
  Batch   450  of  3,342.
  Batch   500  of  3,342.
  Batch   550  of  3,342.
  Batch   600  of  3,342.
  Batch   650  of  3,342.
  Batch   700  of  3,342.
  Batch   750  of  3,342.
  Batch   800  of  3,342.
  Batch   850  of  3,342.
  Batch   900  of  3,342.
  Batch   950  of  3,342.
  Batch 1,000  of  3,342.
  Batch 1,050  of  3,342.
  Batch 1,100  of  3,342.
  Batch 1,150  of  3,342.
  Batch 1,200  of  3,342.
  Batch 1,250  of  3,342.
  Batch 1,300  of  3,342.
  Batch 1,350  of  3,342.
  Batch 1,400  of  3,342.
  Batch 1,450  of  3,342.
  Batch 1,500  of  3,342.
  Batch 1,550  of  3,342.
  Batch 1,600  of  3,342.
  Batch 1,650  of  3,342.
  Batch 1,700  of  3,342.
  Batch 1,750  of  3,342.
  Batch 1,800  of  3,342.
  Batch 1,850  of  3,342.
  Batch 1,900  of  3,342.
  Batch 1,950  of  3,342.
  Batch 2,000  of  3,342.
  Batch 2,050  of  3,342.
  Batch 2,100  of  3,342.
  Batch 2,150  of  3,342.
  Batch 2,200  of  3,342.
  Batch 2,250  of  3,342.
  Batch 2,300  of  3,342.
  Batch 2,350  of  3,342.
  Batch 2,400  of  3,342.
  Batch 2,450  of  3,342.
  Batch 2,500  of  3,342.
  Batch 2,550  of  3,342.
  Batch 2,600  of  3,342.
  Batch 2,650  of  3,342.
  Batch 2,700  of  3,342.
  Batch 2,750  of  3,342.
  Batch 2,800  of  3,342.
  Batch 2,850  of  3,342.
  Batch 2,900  of  3,342.
  Batch 2,950  of  3,342.
  Batch 3,000  of  3,342.
  Batch 3,050  of  3,342.
  Batch 3,100  of  3,342.
  Batch 3,150  of  3,342.
  Batch 3,200  of  3,342.
  Batch 3,250  of  3,342.
  Batch 3,300  of  3,342.

Evaluating...
  Batch    50  of    836.
  Batch   100  of    836.
  Batch   150  of    836.
  Batch   200  of    836.
  Batch   250  of    836.
  Batch   300  of    836.
  Batch   350  of    836.
  Batch   400  of    836.
  Batch   450  of    836.
  Batch   500  of    836.
  Batch   550  of    836.
  Batch   600  of    836.
  Batch   650  of    836.
  Batch   700  of    836.
  Batch   750  of    836.
  Batch   800  of    836.

Training Loss: 0.694
Validation Loss: 0.693

 Epoch 2 / 10
  Batch    50  of  3,342.
  Batch   100  of  3,342.
  Batch   150  of  3,342.
  Batch   200  of  3,342.
  Batch   250  of  3,342.
  Batch   300  of  3,342.
  Batch   350  of  3,342.
  Batch   400  of  3,342.
  Batch   450  of  3,342.
  Batch   500  of  3,342.
  Batch   550  of  3,342.
  Batch   600  of  3,342.
  Batch   650  of  3,342.
  Batch   700  of  3,342.
  Batch   750  of  3,342.
  Batch   800  of  3,342.
  Batch   850  of  3,342.
  Batch   900  of  3,342.
  Batch   950  of  3,342.
  Batch 1,000  of  3,342.
  Batch 1,050  of  3,342.
  Batch 1,100  of  3,342.
  Batch 1,150  of  3,342.
  Batch 1,200  of  3,342.
  Batch 1,250  of  3,342.
  Batch 1,300  of  3,342.
  Batch 1,350  of  3,342.
  Batch 1,400  of  3,342.
  Batch 1,450  of  3,342.
  Batch 1,500  of  3,342.
  Batch 1,550  of  3,342.
  Batch 1,600  of  3,342.
  Batch 1,650  of  3,342.
  Batch 1,700  of  3,342.
  Batch 1,750  of  3,342.
  Batch 1,800  of  3,342.
  Batch 1,850  of  3,342.
  Batch 1,900  of  3,342.
  Batch 1,950  of  3,342.
  Batch 2,000  of  3,342.
  Batch 2,050  of  3,342.
  Batch 2,100  of  3,342.
  Batch 2,150  of  3,342.
  Batch 2,200  of  3,342.
  Batch 2,250  of  3,342.
  Batch 2,300  of  3,342.
  Batch 2,350  of  3,342.
  Batch 2,400  of  3,342.
  Batch 2,450  of  3,342.
  Batch 2,500  of  3,342.
  Batch 2,550  of  3,342.
  Batch 2,600  of  3,342.
  Batch 2,650  of  3,342.
  Batch 2,700  of  3,342.
  Batch 2,750  of  3,342.
  Batch 2,800  of  3,342.
  Batch 2,850  of  3,342.
  Batch 2,900  of  3,342.
  Batch 2,950  of  3,342.
  Batch 3,000  of  3,342.
  Batch 3,050  of  3,342.
  Batch 3,100  of  3,342.
  Batch 3,150  of  3,342.
  Batch 3,200  of  3,342.
  Batch 3,250  of  3,342.
  Batch 3,300  of  3,342.

Evaluating...
  Batch    50  of    836.
  Batch   100  of    836.
  Batch   150  of    836.
  Batch   200  of    836.
  Batch   250  of    836.
  Batch   300  of    836.
  Batch   350  of    836.
  Batch   400  of    836.
  Batch   450  of    836.
  Batch   500  of    836.
  Batch   550  of    836.
  Batch   600  of    836.
  Batch   650  of    836.
  Batch   700  of    836.
  Batch   750  of    836.
  Batch   800  of    836.

Training Loss: 0.694
Validation Loss: 0.693

 Epoch 3 / 10
  Batch    50  of  3,342.
  Batch   100  of  3,342.
  Batch   150  of  3,342.
  Batch   200  of  3,342.
  Batch   250  of  3,342.
  Batch   300  of  3,342.
  Batch   350  of  3,342.
  Batch   400  of  3,342.
  Batch   450  of  3,342.
  Batch   500  of  3,342.
  Batch   550  of  3,342.
  Batch   600  of  3,342.
  Batch   650  of  3,342.
  Batch   700  of  3,342.
  Batch   750  of  3,342.
  Batch   800  of  3,342.
  Batch   850  of  3,342.
  Batch   900  of  3,342.
  Batch   950  of  3,342.
  Batch 1,000  of  3,342.
  Batch 1,050  of  3,342.
  Batch 1,100  of  3,342.
  Batch 1,150  of  3,342.
  Batch 1,200  of  3,342.
  Batch 1,250  of  3,342.
  Batch 1,300  of  3,342.
  Batch 1,350  of  3,342.
  Batch 1,400  of  3,342.
  Batch 1,450  of  3,342.
  Batch 1,500  of  3,342.
  Batch 1,550  of  3,342.
  Batch 1,600  of  3,342.
  Batch 1,650  of  3,342.
  Batch 1,700  of  3,342.
  Batch 1,750  of  3,342.
  Batch 1,800  of  3,342.
  Batch 1,850  of  3,342.
  Batch 1,900  of  3,342.
  Batch 1,950  of  3,342.
  Batch 2,000  of  3,342.
  Batch 2,050  of  3,342.
  Batch 2,100  of  3,342.
  Batch 2,150  of  3,342.
  Batch 2,200  of  3,342.
  Batch 2,250  of  3,342.
  Batch 2,300  of  3,342.
  Batch 2,350  of  3,342.
  Batch 2,400  of  3,342.
  Batch 2,450  of  3,342.
  Batch 2,500  of  3,342.
  Batch 2,550  of  3,342.
  Batch 2,600  of  3,342.
  Batch 2,650  of  3,342.
  Batch 2,700  of  3,342.
  Batch 2,750  of  3,342.
  Batch 2,800  of  3,342.
  Batch 2,850  of  3,342.
  Batch 2,900  of  3,342.
  Batch 2,950  of  3,342.
  Batch 3,000  of  3,342.
  Batch 3,050  of  3,342.
  Batch 3,100  of  3,342.
  Batch 3,150  of  3,342.
  Batch 3,200  of  3,342.
  Batch 3,250  of  3,342.
  Batch 3,300  of  3,342.

Evaluating...
  Batch    50  of    836.
  Batch   100  of    836.
  Batch   150  of    836.
  Batch   200  of    836.
  Batch   250  of    836.
  Batch   300  of    836.
  Batch   350  of    836.
  Batch   400  of    836.
  Batch   450  of    836.
  Batch   500  of    836.
  Batch   550  of    836.
  Batch   600  of    836.
  Batch   650  of    836.
  Batch   700  of    836.
  Batch   750  of    836.
  Batch   800  of    836.

Training Loss: 0.694
Validation Loss: 0.695

 Epoch 4 / 10
  Batch    50  of  3,342.
  Batch   100  of  3,342.
  Batch   150  of  3,342.
  Batch   200  of  3,342.
  Batch   250  of  3,342.
  Batch   300  of  3,342.
  Batch   350  of  3,342.
  Batch   400  of  3,342.
  Batch   450  of  3,342.
  Batch   500  of  3,342.
  Batch   550  of  3,342.
  Batch   600  of  3,342.
  Batch   650  of  3,342.
  Batch   700  of  3,342.
  Batch   750  of  3,342.
  Batch   800  of  3,342.
  Batch   850  of  3,342.
  Batch   900  of  3,342.
  Batch   950  of  3,342.
  Batch 1,000  of  3,342.
  Batch 1,050  of  3,342.
  Batch 1,100  of  3,342.
  Batch 1,150  of  3,342.
  Batch 1,200  of  3,342.
  Batch 1,250  of  3,342.
  Batch 1,300  of  3,342.
  Batch 1,350  of  3,342.
  Batch 1,400  of  3,342.
  Batch 1,450  of  3,342.
  Batch 1,500  of  3,342.
  Batch 1,550  of  3,342.
  Batch 1,600  of  3,342.
  Batch 1,650  of  3,342.
  Batch 1,700  of  3,342.
  Batch 1,750  of  3,342.
  Batch 1,800  of  3,342.
  Batch 1,850  of  3,342.
  Batch 1,900  of  3,342.
  Batch 1,950  of  3,342.
  Batch 2,000  of  3,342.
  Batch 2,050  of  3,342.
  Batch 2,100  of  3,342.
  Batch 2,150  of  3,342.
  Batch 2,200  of  3,342.
  Batch 2,250  of  3,342.
  Batch 2,300  of  3,342.
  Batch 2,350  of  3,342.
  Batch 2,400  of  3,342.
  Batch 2,450  of  3,342.
  Batch 2,500  of  3,342.
  Batch 2,550  of  3,342.
  Batch 2,600  of  3,342.
  Batch 2,650  of  3,342.
  Batch 2,700  of  3,342.
  Batch 2,750  of  3,342.
  Batch 2,800  of  3,342.
  Batch 2,850  of  3,342.
  Batch 2,900  of  3,342.
  Batch 2,950  of  3,342.
  Batch 3,000  of  3,342.
  Batch 3,050  of  3,342.
  Batch 3,100  of  3,342.
  Batch 3,150  of  3,342.
  Batch 3,200  of  3,342.
  Batch 3,250  of  3,342.
  Batch 3,300  of  3,342.

Evaluating...
  Batch    50  of    836.
  Batch   100  of    836.
  Batch   150  of    836.
  Batch   200  of    836.
  Batch   250  of    836.
  Batch   300  of    836.
  Batch   350  of    836.
  Batch   400  of    836.
  Batch   450  of    836.
  Batch   500  of    836.
  Batch   550  of    836.
  Batch   600  of    836.
  Batch   650  of    836.
  Batch   700  of    836.
  Batch   750  of    836.
  Batch   800  of    836.

Training Loss: 0.693
Validation Loss: 0.693

 Epoch 5 / 10
  Batch    50  of  3,342.
  Batch   100  of  3,342.
  Batch   150  of  3,342.
  Batch   200  of  3,342.
  Batch   250  of  3,342.
  Batch   300  of  3,342.
  Batch   350  of  3,342.
  Batch   400  of  3,342.
  Batch   450  of  3,342.
  Batch   500  of  3,342.
  Batch   550  of  3,342.
  Batch   600  of  3,342.
  Batch   650  of  3,342.
  Batch   700  of  3,342.
  Batch   750  of  3,342.
  Batch   800  of  3,342.
  Batch   850  of  3,342.
  Batch   900  of  3,342.
  Batch   950  of  3,342.
  Batch 1,000  of  3,342.
  Batch 1,050  of  3,342.
  Batch 1,100  of  3,342.
  Batch 1,150  of  3,342.
  Batch 1,200  of  3,342.
  Batch 1,250  of  3,342.
  Batch 1,300  of  3,342.
  Batch 1,350  of  3,342.
  Batch 1,400  of  3,342.
  Batch 1,450  of  3,342.
  Batch 1,500  of  3,342.
  Batch 1,550  of  3,342.
  Batch 1,600  of  3,342.
  Batch 1,650  of  3,342.
  Batch 1,700  of  3,342.
  Batch 1,750  of  3,342.
  Batch 1,800  of  3,342.
  Batch 1,850  of  3,342.
  Batch 1,900  of  3,342.
  Batch 1,950  of  3,342.
  Batch 2,000  of  3,342.
  Batch 2,050  of  3,342.
  Batch 2,100  of  3,342.
  Batch 2,150  of  3,342.
  Batch 2,200  of  3,342.
  Batch 2,250  of  3,342.
  Batch 2,300  of  3,342.
  Batch 2,350  of  3,342.
  Batch 2,400  of  3,342.
  Batch 2,450  of  3,342.
  Batch 2,500  of  3,342.
  Batch 2,550  of  3,342.
  Batch 2,600  of  3,342.
  Batch 2,650  of  3,342.
  Batch 2,700  of  3,342.
  Batch 2,750  of  3,342.
  Batch 2,800  of  3,342.
  Batch 2,850  of  3,342.
  Batch 2,900  of  3,342.
  Batch 2,950  of  3,342.
  Batch 3,000  of  3,342.
  Batch 3,050  of  3,342.
  Batch 3,100  of  3,342.
  Batch 3,150  of  3,342.
  Batch 3,200  of  3,342.
  Batch 3,250  of  3,342.
  Batch 3,300  of  3,342.

Evaluating...
  Batch    50  of    836.
  Batch   100  of    836.
  Batch   150  of    836.
  Batch   200  of    836.
  Batch   250  of    836.
  Batch   300  of    836.
  Batch   350  of    836.
  Batch   400  of    836.
  Batch   450  of    836.
  Batch   500  of    836.
  Batch   550  of    836.
  Batch   600  of    836.
  Batch   650  of    836.
  Batch   700  of    836.
  Batch   750  of    836.
  Batch   800  of    836.

Training Loss: 0.694
Validation Loss: 0.693

 Epoch 6 / 10
  Batch    50  of  3,342.
  Batch   100  of  3,342.
  Batch   150  of  3,342.
  Batch   200  of  3,342.
  Batch   250  of  3,342.
  Batch   300  of  3,342.
  Batch   350  of  3,342.
  Batch   400  of  3,342.
  Batch   450  of  3,342.
  Batch   500  of  3,342.
  Batch   550  of  3,342.
  Batch   600  of  3,342.
  Batch   650  of  3,342.
  Batch   700  of  3,342.
  Batch   750  of  3,342.
  Batch   800  of  3,342.
  Batch   850  of  3,342.
  Batch   900  of  3,342.
  Batch   950  of  3,342.
  Batch 1,000  of  3,342.
  Batch 1,050  of  3,342.
  Batch 1,100  of  3,342.
  Batch 1,150  of  3,342.
  Batch 1,200  of  3,342.
  Batch 1,250  of  3,342.
  Batch 1,300  of  3,342.
  Batch 1,350  of  3,342.
  Batch 1,400  of  3,342.
  Batch 1,450  of  3,342.
  Batch 1,500  of  3,342.
  Batch 1,550  of  3,342.
  Batch 1,600  of  3,342.
  Batch 1,650  of  3,342.
  Batch 1,700  of  3,342.
  Batch 1,750  of  3,342.
  Batch 1,800  of  3,342.
  Batch 1,850  of  3,342.
  Batch 1,900  of  3,342.
  Batch 1,950  of  3,342.
  Batch 2,000  of  3,342.
  Batch 2,050  of  3,342.
  Batch 2,100  of  3,342.
  Batch 2,150  of  3,342.
  Batch 2,200  of  3,342.
  Batch 2,250  of  3,342.
  Batch 2,300  of  3,342.
  Batch 2,350  of  3,342.
  Batch 2,400  of  3,342.
  Batch 2,450  of  3,342.
  Batch 2,500  of  3,342.
  Batch 2,550  of  3,342.
  Batch 2,600  of  3,342.
  Batch 2,650  of  3,342.
  Batch 2,700  of  3,342.
  Batch 2,750  of  3,342.
  Batch 2,800  of  3,342.
  Batch 2,850  of  3,342.
  Batch 2,900  of  3,342.
  Batch 2,950  of  3,342.
  Batch 3,000  of  3,342.
  Batch 3,050  of  3,342.
  Batch 3,100  of  3,342.
  Batch 3,150  of  3,342.
  Batch 3,200  of  3,342.
  Batch 3,250  of  3,342.
  Batch 3,300  of  3,342.

Evaluating...
  Batch    50  of    836.
  Batch   100  of    836.
  Batch   150  of    836.
  Batch   200  of    836.
  Batch   250  of    836.
  Batch   300  of    836.
  Batch   350  of    836.
  Batch   400  of    836.
  Batch   450  of    836.
  Batch   500  of    836.
  Batch   550  of    836.
  Batch   600  of    836.
  Batch   650  of    836.
  Batch   700  of    836.
  Batch   750  of    836.
  Batch   800  of    836.

Training Loss: 0.693
Validation Loss: 0.694

 Epoch 7 / 10
  Batch    50  of  3,342.
  Batch   100  of  3,342.
  Batch   150  of  3,342.
  Batch   200  of  3,342.
  Batch   250  of  3,342.
  Batch   300  of  3,342.
  Batch   350  of  3,342.
  Batch   400  of  3,342.
  Batch   450  of  3,342.
  Batch   500  of  3,342.
  Batch   550  of  3,342.
  Batch   600  of  3,342.
  Batch   650  of  3,342.
  Batch   700  of  3,342.
  Batch   750  of  3,342.
  Batch   800  of  3,342.
  Batch   850  of  3,342.
  Batch   900  of  3,342.
  Batch   950  of  3,342.
  Batch 1,000  of  3,342.
  Batch 1,050  of  3,342.
  Batch 1,100  of  3,342.
  Batch 1,150  of  3,342.
  Batch 1,200  of  3,342.
  Batch 1,250  of  3,342.
  Batch 1,300  of  3,342.
  Batch 1,350  of  3,342.
  Batch 1,400  of  3,342.
  Batch 1,450  of  3,342.
  Batch 1,500  of  3,342.
  Batch 1,550  of  3,342.
  Batch 1,600  of  3,342.
  Batch 1,650  of  3,342.
  Batch 1,700  of  3,342.
  Batch 1,750  of  3,342.
  Batch 1,800  of  3,342.
  Batch 1,850  of  3,342.
  Batch 1,900  of  3,342.
  Batch 1,950  of  3,342.
  Batch 2,000  of  3,342.
  Batch 2,050  of  3,342.
  Batch 2,100  of  3,342.
  Batch 2,150  of  3,342.
  Batch 2,200  of  3,342.
  Batch 2,250  of  3,342.
  Batch 2,300  of  3,342.
  Batch 2,350  of  3,342.
  Batch 2,400  of  3,342.
  Batch 2,450  of  3,342.
  Batch 2,500  of  3,342.
  Batch 2,550  of  3,342.
  Batch 2,600  of  3,342.
  Batch 2,650  of  3,342.
  Batch 2,700  of  3,342.
  Batch 2,750  of  3,342.
  Batch 2,800  of  3,342.
  Batch 2,850  of  3,342.
  Batch 2,900  of  3,342.
  Batch 2,950  of  3,342.
  Batch 3,000  of  3,342.
  Batch 3,050  of  3,342.
  Batch 3,100  of  3,342.
  Batch 3,150  of  3,342.
  Batch 3,200  of  3,342.
  Batch 3,250  of  3,342.
  Batch 3,300  of  3,342.

Evaluating...
  Batch    50  of    836.
  Batch   100  of    836.
  Batch   150  of    836.
  Batch   200  of    836.
  Batch   250  of    836.
  Batch   300  of    836.
  Batch   350  of    836.
  Batch   400  of    836.
  Batch   450  of    836.
  Batch   500  of    836.
  Batch   550  of    836.
  Batch   600  of    836.
  Batch   650  of    836.
  Batch   700  of    836.
  Batch   750  of    836.
  Batch   800  of    836.

Training Loss: 0.693
Validation Loss: 0.693

 Epoch 8 / 10
  Batch    50  of  3,342.
  Batch   100  of  3,342.
  Batch   150  of  3,342.
  Batch   200  of  3,342.
  Batch   250  of  3,342.
  Batch   300  of  3,342.
  Batch   350  of  3,342.
  Batch   400  of  3,342.
  Batch   450  of  3,342.
  Batch   500  of  3,342.
  Batch   550  of  3,342.
  Batch   600  of  3,342.
  Batch   650  of  3,342.
  Batch   700  of  3,342.
  Batch   750  of  3,342.
  Batch   800  of  3,342.
  Batch   850  of  3,342.
  Batch   900  of  3,342.
  Batch   950  of  3,342.
  Batch 1,000  of  3,342.
  Batch 1,050  of  3,342.
  Batch 1,100  of  3,342.
  Batch 1,150  of  3,342.
  Batch 1,200  of  3,342.
  Batch 1,250  of  3,342.
  Batch 1,300  of  3,342.
  Batch 1,350  of  3,342.
  Batch 1,400  of  3,342.
  Batch 1,450  of  3,342.
  Batch 1,500  of  3,342.
  Batch 1,550  of  3,342.
  Batch 1,600  of  3,342.
  Batch 1,650  of  3,342.
  Batch 1,700  of  3,342.
  Batch 1,750  of  3,342.
  Batch 1,800  of  3,342.
  Batch 1,850  of  3,342.
  Batch 1,900  of  3,342.
  Batch 1,950  of  3,342.
  Batch 2,000  of  3,342.
  Batch 2,050  of  3,342.
  Batch 2,100  of  3,342.
  Batch 2,150  of  3,342.
  Batch 2,200  of  3,342.
  Batch 2,250  of  3,342.
  Batch 2,300  of  3,342.
  Batch 2,350  of  3,342.
  Batch 2,400  of  3,342.
  Batch 2,450  of  3,342.
  Batch 2,500  of  3,342.
  Batch 2,550  of  3,342.
  Batch 2,600  of  3,342.
  Batch 2,650  of  3,342.
  Batch 2,700  of  3,342.
  Batch 2,750  of  3,342.
  Batch 2,800  of  3,342.
  Batch 2,850  of  3,342.
  Batch 2,900  of  3,342.
  Batch 2,950  of  3,342.
  Batch 3,000  of  3,342.
  Batch 3,050  of  3,342.
  Batch 3,100  of  3,342.
  Batch 3,150  of  3,342.
  Batch 3,200  of  3,342.
  Batch 3,250  of  3,342.
  Batch 3,300  of  3,342.

Evaluating...
  Batch    50  of    836.
  Batch   100  of    836.
  Batch   150  of    836.
  Batch   200  of    836.
  Batch   250  of    836.
  Batch   300  of    836.
  Batch   350  of    836.
  Batch   400  of    836.
  Batch   450  of    836.
  Batch   500  of    836.
  Batch   550  of    836.
  Batch   600  of    836.
  Batch   650  of    836.
  Batch   700  of    836.
  Batch   750  of    836.
  Batch   800  of    836.

Training Loss: 0.693
Validation Loss: 0.693

 Epoch 9 / 10
  Batch    50  of  3,342.
  Batch   100  of  3,342.
  Batch   150  of  3,342.
  Batch   200  of  3,342.
  Batch   250  of  3,342.
  Batch   300  of  3,342.
  Batch   350  of  3,342.
  Batch   400  of  3,342.
  Batch   450  of  3,342.
  Batch   500  of  3,342.
  Batch   550  of  3,342.
  Batch   600  of  3,342.
  Batch   650  of  3,342.
  Batch   700  of  3,342.
  Batch   750  of  3,342.
  Batch   800  of  3,342.
  Batch   850  of  3,342.
  Batch   900  of  3,342.
  Batch   950  of  3,342.
  Batch 1,000  of  3,342.
  Batch 1,050  of  3,342.
  Batch 1,100  of  3,342.
  Batch 1,150  of  3,342.
  Batch 1,200  of  3,342.
  Batch 1,250  of  3,342.
  Batch 1,300  of  3,342.
  Batch 1,350  of  3,342.
  Batch 1,400  of  3,342.
  Batch 1,450  of  3,342.
  Batch 1,500  of  3,342.
  Batch 1,550  of  3,342.
  Batch 1,600  of  3,342.
  Batch 1,650  of  3,342.
  Batch 1,700  of  3,342.
  Batch 1,750  of  3,342.
  Batch 1,800  of  3,342.
  Batch 1,850  of  3,342.
  Batch 1,900  of  3,342.
  Batch 1,950  of  3,342.
  Batch 2,000  of  3,342.
  Batch 2,050  of  3,342.
  Batch 2,100  of  3,342.
  Batch 2,150  of  3,342.
  Batch 2,200  of  3,342.
  Batch 2,250  of  3,342.
  Batch 2,300  of  3,342.
  Batch 2,350  of  3,342.
  Batch 2,400  of  3,342.
  Batch 2,450  of  3,342.
  Batch 2,500  of  3,342.
  Batch 2,550  of  3,342.
  Batch 2,600  of  3,342.
  Batch 2,650  of  3,342.
  Batch 2,700  of  3,342.
  Batch 2,750  of  3,342.
  Batch 2,800  of  3,342.
  Batch 2,850  of  3,342.
  Batch 2,900  of  3,342.
  Batch 2,950  of  3,342.
  Batch 3,000  of  3,342.
  Batch 3,050  of  3,342.
  Batch 3,100  of  3,342.
  Batch 3,150  of  3,342.
  Batch 3,200  of  3,342.
  Batch 3,250  of  3,342.
  Batch 3,300  of  3,342.

Evaluating...
  Batch    50  of    836.
  Batch   100  of    836.
  Batch   150  of    836.
  Batch   200  of    836.
  Batch   250  of    836.
  Batch   300  of    836.
  Batch   350  of    836.
  Batch   400  of    836.
  Batch   450  of    836.
  Batch   500  of    836.
  Batch   550  of    836.
  Batch   600  of    836.
  Batch   650  of    836.
  Batch   700  of    836.
  Batch   750  of    836.
  Batch   800  of    836.

Training Loss: 0.693
Validation Loss: 0.693

 Epoch 10 / 10
  Batch    50  of  3,342.
  Batch   100  of  3,342.
  Batch   150  of  3,342.
  Batch   200  of  3,342.
  Batch   250  of  3,342.
  Batch   300  of  3,342.
  Batch   350  of  3,342.
  Batch   400  of  3,342.
  Batch   450  of  3,342.
  Batch   500  of  3,342.
  Batch   550  of  3,342.
  Batch   600  of  3,342.
  Batch   650  of  3,342.
  Batch   700  of  3,342.
  Batch   750  of  3,342.
  Batch   800  of  3,342.
  Batch   850  of  3,342.
  Batch   900  of  3,342.
  Batch   950  of  3,342.
  Batch 1,000  of  3,342.
  Batch 1,050  of  3,342.
  Batch 1,100  of  3,342.
  Batch 1,150  of  3,342.
  Batch 1,200  of  3,342.
  Batch 1,250  of  3,342.
  Batch 1,300  of  3,342.
  Batch 1,350  of  3,342.
  Batch 1,400  of  3,342.
  Batch 1,450  of  3,342.
  Batch 1,500  of  3,342.
  Batch 1,550  of  3,342.
  Batch 1,600  of  3,342.
  Batch 1,650  of  3,342.
  Batch 1,700  of  3,342.
  Batch 1,750  of  3,342.
  Batch 1,800  of  3,342.
  Batch 1,850  of  3,342.
  Batch 1,900  of  3,342.
  Batch 1,950  of  3,342.
  Batch 2,000  of  3,342.
  Batch 2,050  of  3,342.
  Batch 2,100  of  3,342.
  Batch 2,150  of  3,342.
  Batch 2,200  of  3,342.
  Batch 2,250  of  3,342.
  Batch 2,300  of  3,342.
  Batch 2,350  of  3,342.
  Batch 2,400  of  3,342.
  Batch 2,450  of  3,342.
  Batch 2,500  of  3,342.
  Batch 2,550  of  3,342.
  Batch 2,600  of  3,342.
  Batch 2,650  of  3,342.
  Batch 2,700  of  3,342.
  Batch 2,750  of  3,342.
  Batch 2,800  of  3,342.
  Batch 2,850  of  3,342.
  Batch 2,900  of  3,342.
  Batch 2,950  of  3,342.
  Batch 3,000  of  3,342.
  Batch 3,050  of  3,342.
  Batch 3,100  of  3,342.
  Batch 3,150  of  3,342.
  Batch 3,200  of  3,342.
  Batch 3,250  of  3,342.
  Batch 3,300  of  3,342.

Evaluating...
  Batch    50  of    836.
  Batch   100  of    836.
  Batch   150  of    836.
  Batch   200  of    836.
  Batch   250  of    836.
  Batch   300  of    836.
  Batch   350  of    836.
  Batch   400  of    836.
  Batch   450  of    836.
  Batch   500  of    836.
  Batch   550  of    836.
  Batch   600  of    836.
  Batch   650  of    836.
  Batch   700  of    836.
  Batch   750  of    836.
  Batch   800  of    836.

Training Loss: 0.693
Validation Loss: 0.694
Best Validation Loss: 0.693
done.
