This is pdfTeX, Version 3.1415926-2.5-1.40.14 (TeX Live 2013) (format=latex 2017.6.15)  14 FEB 2021 10:53
entering extended mode
 restricted \write18 enabled.
 %&-line parsing enabled.
**dummy
(./dummy.tex
LaTeX2e <2011/06/27>
Babel <v3.8m> and hyphenation patterns for english, dumylang, nohyphenation, lo
aded.
(/usr/share/texlive/texmf-dist/tex/latex/base/article.cls
Document Class: article 2007/10/19 v1.4h Standard LaTeX document class
(/usr/share/texlive/texmf-dist/tex/latex/base/size10.clo
File: size10.clo 2007/10/19 v1.4h Standard LaTeX file (size option)
)
\c@part=\count79
\c@section=\count80
\c@subsection=\count81
\c@subsubsection=\count82
\c@paragraph=\count83
\c@subparagraph=\count84
\c@figure=\count85
\c@table=\count86
\abovecaptionskip=\skip41
\belowcaptionskip=\skip42
\bibindent=\dimen102
)
(/usr/share/texlive/texmf-dist/tex/latex/natbib/natbib.sty
Package: natbib 2010/09/13 8.31b (PWD, AO)
\bibhang=\skip43
\bibsep=\skip44
LaTeX Info: Redefining \cite on input line 694.
\c@NAT@ctr=\count87
) (./dummy.aux)
\openout1 = `dummy.aux'.

LaTeX Font Info:    Checking defaults for OML/cmm/m/it on input line 4.
LaTeX Font Info:    ... okay on input line 4.
LaTeX Font Info:    Checking defaults for T1/cmr/m/n on input line 4.
LaTeX Font Info:    ... okay on input line 4.
LaTeX Font Info:    Checking defaults for OT1/cmr/m/n on input line 4.
LaTeX Font Info:    ... okay on input line 4.
LaTeX Font Info:    Checking defaults for OMS/cmsy/m/n on input line 4.
LaTeX Font Info:    ... okay on input line 4.
LaTeX Font Info:    Checking defaults for OMX/cmex/m/n on input line 4.
LaTeX Font Info:    ... okay on input line 4.
LaTeX Font Info:    Checking defaults for U/cmr/m/n on input line 4.
LaTeX Font Info:    ... okay on input line 4.

(./dummy.bbl
Missing character: There is no Ã in font cmti10!
Missing character: There is no © in font cmti10!
Missing character: There is no Ã in font cmti10!
Missing character: There is no   in font cmti10!
Missing character: There is no Ã in font cmti10!
Missing character: There is no © in font cmti10!
Missing character: There is no Ã in font cmti10!
Missing character: There is no © in font cmti10!
Missing character: There is no Ã in font cmti10!
Missing character: There is no © in font cmti10!
Missing character: There is no Ã in font cmti10!
Missing character: There is no © in font cmti10!
Missing character: There is no Ã in font cmr10!
Missing character: There is no © in font cmr10!
 [1

]) [2] (./dummy.aux) ) 
Here is how much of TeX's memory you used:
 601 strings out of 495064
 7315 string characters out of 3182224
 57156 words of memory out of 3000000
 3861 multiletter control sequences out of 15000+200000
 4591 words of font info for 17 fonts, out of 3000000 for 9000
 14 hyphenation exceptions out of 8191
 23i,4n,28p,190b,241s stack positions out of 5000i,500n,10000p,200000b,50000s

Output written on dummy.dvi (2 pages, 7236 bytes).
